<?xml version="1.0" encoding="UTF-8"?>
<testsuite name="AppTest" tests="8" skipped="0" failures="0" errors="0" timestamp="2015-08-29T20:51:06" hostname="Jen-Quiross-MacBook-Pro.local" time="8.572">
  <properties/>
  <testcase name="stylistIsDisplayedWhenCreated" classname="AppTest" time="0.989"/>
  <testcase name="clientIsUpdated" classname="AppTest" time="1.957"/>
  <testcase name="stylistIsDeleted" classname="AppTest" time="1.107"/>
  <testcase name="rootTest" classname="AppTest" time="0.064"/>
  <testcase name="allclientsDisplayOnStylistPage" classname="AppTest" time="1.306"/>
  <testcase name="clientIsDeleted" classname="AppTest" time="1.108"/>
  <testcase name="clientIsDisplayedWhenCreated" classname="AppTest" time="1.013"/>
  <testcase name="stylistIsUpdated" classname="AppTest" time="0.957"/>
  <system-out><![CDATA[]]></system-out>
  <system-err><![CDATA[[Thread-4] INFO spark.webserver.SparkServer - == Spark has ignited ...
[Thread-4] INFO spark.webserver.SparkServer - >> Listening on 0.0.0.0:4567
[Thread-4] INFO org.eclipse.jetty.server.Server - jetty-9.0.2.v20130417
[Thread-4] INFO org.eclipse.jetty.server.ServerConnector - Started ServerConnector@680a4238{HTTP/1.1}{0.0.0.0:4567}
Aug 29, 2015 1:51:08 PM com.gargoylesoftware.htmlunit.DefaultCssErrorHandler error
WARNING: CSS error: 'https://maxcdn.bootstrapcdn.com/bootstrap/3.3.5/css/bootstrap.min.css' [5:17606] Error in media list. (Invalid token "(". Was expecting one of: <S>, <IDENT>.)
Aug 29, 2015 1:51:08 PM com.gargoylesoftware.htmlunit.DefaultCssErrorHandler error
WARNING: CSS error: 'https://maxcdn.bootstrapcdn.com/bootstrap/3.3.5/css/bootstrap.min.css' [5:19373] Error in media list. (Invalid token "(". Was expecting one of: <S>, <IDENT>.)
Aug 29, 2015 1:51:08 PM com.gargoylesoftware.htmlunit.DefaultCssErrorHandler error
WARNING: CSS error: 'https://maxcdn.bootstrapcdn.com/bootstrap/3.3.5/css/bootstrap.min.css' [5:21618] Error in media list. (Invalid token "(". Was expecting one of: <S>, <IDENT>.)
Aug 29, 2015 1:51:08 PM com.gargoylesoftware.htmlunit.DefaultCssErrorHandler error
WARNING: CSS error: 'https://maxcdn.bootstrapcdn.com/bootstrap/3.3.5/css/bootstrap.min.css' [5:21667] Error in media list. (Invalid token "(". Was expecting one of: <S>, <IDENT>.)
Aug 29, 2015 1:51:08 PM com.gargoylesoftware.htmlunit.DefaultCssErrorHandler error
WARNING: CSS error: 'https://maxcdn.bootstrapcdn.com/bootstrap/3.3.5/css/bootstrap.min.css' [5:21716] Error in media list. (Invalid token "(". Was expecting one of: <S>, <IDENT>.)
Aug 29, 2015 1:51:08 PM com.gargoylesoftware.htmlunit.DefaultCssErrorHandler error
WARNING: CSS error: 'https://maxcdn.bootstrapcdn.com/bootstrap/3.3.5/css/bootstrap.min.css' [5:24200] Error in media list. (Invalid token "(". Was expecting one of: <S>, <IDENT>.)
Aug 29, 2015 1:51:08 PM com.gargoylesoftware.htmlunit.DefaultCssErrorHandler error
WARNING: CSS error: 'https://maxcdn.bootstrapcdn.com/bootstrap/3.3.5/css/bootstrap.min.css' [5:25966] Error in media list. (Invalid token "(". Was expecting one of: <S>, <IDENT>.)
Aug 29, 2015 1:51:08 PM com.gargoylesoftware.htmlunit.DefaultCssErrorHandler error
WARNING: CSS error: 'https://maxcdn.bootstrapcdn.com/bootstrap/3.3.5/css/bootstrap.min.css' [5:27732] Error in media list. (Invalid token "(". Was expecting one of: <S>, <IDENT>.)
Aug 29, 2015 1:51:08 PM com.gargoylesoftware.htmlunit.DefaultCssErrorHandler error
WARNING: CSS error: 'https://maxcdn.bootstrapcdn.com/bootstrap/3.3.5/css/bootstrap.min.css' [5:33858] Error in @media rule. (Invalid token "and". Was expecting one of: <S>, <LBRACE>, <COMMA>.)
Aug 29, 2015 1:51:08 PM com.gargoylesoftware.htmlunit.DefaultCssErrorHandler warning
WARNING: CSS warning: 'https://maxcdn.bootstrapcdn.com/bootstrap/3.3.5/css/bootstrap.min.css' [5:33858] Ignoring the whole rule.
Aug 29, 2015 1:51:08 PM com.gargoylesoftware.htmlunit.DefaultCssErrorHandler error
WARNING: CSS error: 'https://maxcdn.bootstrapcdn.com/bootstrap/3.3.5/css/bootstrap.min.css' [5:37280] Error in @media rule. (Invalid token "and". Was expecting one of: <S>, <LBRACE>, <COMMA>.)
Aug 29, 2015 1:51:08 PM com.gargoylesoftware.htmlunit.DefaultCssErrorHandler warning
WARNING: CSS warning: 'https://maxcdn.bootstrapcdn.com/bootstrap/3.3.5/css/bootstrap.min.css' [5:37280] Ignoring the whole rule.
Aug 29, 2015 1:51:08 PM com.gargoylesoftware.htmlunit.DefaultCssErrorHandler error
WARNING: CSS error: 'https://maxcdn.bootstrapcdn.com/bootstrap/3.3.5/css/bootstrap.min.css' [5:43528] Error in media list. (Invalid token "(". Was expecting one of: <S>, <IDENT>.)
Aug 29, 2015 1:51:08 PM com.gargoylesoftware.htmlunit.DefaultCssErrorHandler error
WARNING: CSS error: 'https://maxcdn.bootstrapcdn.com/bootstrap/3.3.5/css/bootstrap.min.css' [5:44748] Error in media list. (Invalid token "(". Was expecting one of: <S>, <IDENT>.)
Aug 29, 2015 1:51:08 PM com.gargoylesoftware.htmlunit.DefaultCssErrorHandler error
WARNING: CSS error: 'https://maxcdn.bootstrapcdn.com/bootstrap/3.3.5/css/bootstrap.min.css' [5:44920] Error in media list. (Invalid token "(". Was expecting one of: <S>, <IDENT>.)
Aug 29, 2015 1:51:08 PM com.gargoylesoftware.htmlunit.DefaultCssErrorHandler error
WARNING: CSS error: 'https://maxcdn.bootstrapcdn.com/bootstrap/3.3.5/css/bootstrap.min.css' [5:45028] Error in media list. (Invalid token "(". Was expecting one of: <S>, <IDENT>.)
Aug 29, 2015 1:51:08 PM com.gargoylesoftware.htmlunit.DefaultCssErrorHandler error
WARNING: CSS error: 'https://maxcdn.bootstrapcdn.com/bootstrap/3.3.5/css/bootstrap.min.css' [5:57895] Error in expression; ':' found after identifier "progid".
Aug 29, 2015 1:51:08 PM com.gargoylesoftware.htmlunit.DefaultCssErrorHandler error
WARNING: CSS error: 'https://maxcdn.bootstrapcdn.com/bootstrap/3.3.5/css/bootstrap.min.css' [5:58557] Error in media list. (Invalid token "(". Was expecting one of: <S>, <IDENT>.)
Aug 29, 2015 1:51:08 PM com.gargoylesoftware.htmlunit.DefaultCssErrorHandler error
WARNING: CSS error: 'https://maxcdn.bootstrapcdn.com/bootstrap/3.3.5/css/bootstrap.min.css' [5:67219] Error in media list. (Invalid token "(". Was expecting one of: <S>, <IDENT>.)
Aug 29, 2015 1:51:08 PM com.gargoylesoftware.htmlunit.DefaultCssErrorHandler error
WARNING: CSS error: 'https://maxcdn.bootstrapcdn.com/bootstrap/3.3.5/css/bootstrap.min.css' [5:67543] Error in media list. (Invalid token "(". Was expecting one of: <S>, <IDENT>.)
Aug 29, 2015 1:51:08 PM com.gargoylesoftware.htmlunit.DefaultCssErrorHandler error
WARNING: CSS error: 'https://maxcdn.bootstrapcdn.com/bootstrap/3.3.5/css/bootstrap.min.css' [5:68246] Error in media list. (Invalid token "(". Was expecting one of: <S>, <IDENT>.)
Aug 29, 2015 1:51:08 PM com.gargoylesoftware.htmlunit.DefaultCssErrorHandler error
WARNING: CSS error: 'https://maxcdn.bootstrapcdn.com/bootstrap/3.3.5/css/bootstrap.min.css' [5:68572] Error in media list. (Invalid token "(". Was expecting one of: <S>, <IDENT>.)
Aug 29, 2015 1:51:08 PM com.gargoylesoftware.htmlunit.DefaultCssErrorHandler error
WARNING: CSS error: 'https://maxcdn.bootstrapcdn.com/bootstrap/3.3.5/css/bootstrap.min.css' [5:69058] Error in media list. (Invalid token "(". Was expecting one of: <S>, <IDENT>.)
Aug 29, 2015 1:51:08 PM com.gargoylesoftware.htmlunit.DefaultCssErrorHandler error
WARNING: CSS error: 'https://maxcdn.bootstrapcdn.com/bootstrap/3.3.5/css/bootstrap.min.css' [5:69110] Error in media list. (Invalid token "(". Was expecting one of: <S>, <IDENT>.)
Aug 29, 2015 1:51:08 PM com.gargoylesoftware.htmlunit.DefaultCssErrorHandler error
WARNING: CSS error: 'https://maxcdn.bootstrapcdn.com/bootstrap/3.3.5/css/bootstrap.min.css' [5:69437] Error in media list. (Invalid token "(". Was expecting one of: <S>, <IDENT>.)
Aug 29, 2015 1:51:08 PM com.gargoylesoftware.htmlunit.DefaultCssErrorHandler error
WARNING: CSS error: 'https://maxcdn.bootstrapcdn.com/bootstrap/3.3.5/css/bootstrap.min.css' [5:69929] Error in media list. (Invalid token "(". Was expecting one of: <S>, <IDENT>.)
Aug 29, 2015 1:51:08 PM com.gargoylesoftware.htmlunit.DefaultCssErrorHandler error
WARNING: CSS error: 'https://maxcdn.bootstrapcdn.com/bootstrap/3.3.5/css/bootstrap.min.css' [5:70237] Error in media list. (Invalid token "(". Was expecting one of: <S>, <IDENT>.)
Aug 29, 2015 1:51:08 PM com.gargoylesoftware.htmlunit.DefaultCssErrorHandler error
WARNING: CSS error: 'https://maxcdn.bootstrapcdn.com/bootstrap/3.3.5/css/bootstrap.min.css' [5:70465] Error in media list. (Invalid token "(". Was expecting one of: <S>, <IDENT>.)
Aug 29, 2015 1:51:08 PM com.gargoylesoftware.htmlunit.DefaultCssErrorHandler error
WARNING: CSS error: 'https://maxcdn.bootstrapcdn.com/bootstrap/3.3.5/css/bootstrap.min.css' [5:70608] Error in media list. (Invalid token "(". Was expecting one of: <S>, <IDENT>.)
Aug 29, 2015 1:51:08 PM com.gargoylesoftware.htmlunit.DefaultCssErrorHandler error
WARNING: CSS error: 'https://maxcdn.bootstrapcdn.com/bootstrap/3.3.5/css/bootstrap.min.css' [5:70981] Error in media list. (Invalid token "(". Was expecting one of: <S>, <IDENT>.)
Aug 29, 2015 1:51:08 PM com.gargoylesoftware.htmlunit.DefaultCssErrorHandler error
WARNING: CSS error: 'https://maxcdn.bootstrapcdn.com/bootstrap/3.3.5/css/bootstrap.min.css' [5:71468] Error in media list. (Invalid token "(". Was expecting one of: <S>, <IDENT>.)
Aug 29, 2015 1:51:08 PM com.gargoylesoftware.htmlunit.DefaultCssErrorHandler error
WARNING: CSS error: 'https://maxcdn.bootstrapcdn.com/bootstrap/3.3.5/css/bootstrap.min.css' [5:71624] Error in media list. (Invalid token "(". Was expecting one of: <S>, <IDENT>.)
Aug 29, 2015 1:51:08 PM com.gargoylesoftware.htmlunit.DefaultCssErrorHandler error
WARNING: CSS error: 'https://maxcdn.bootstrapcdn.com/bootstrap/3.3.5/css/bootstrap.min.css' [5:72091] Error in media list. (Invalid token "(". Was expecting one of: <S>, <IDENT>.)
Aug 29, 2015 1:51:08 PM com.gargoylesoftware.htmlunit.DefaultCssErrorHandler error
WARNING: CSS error: 'https://maxcdn.bootstrapcdn.com/bootstrap/3.3.5/css/bootstrap.min.css' [5:72557] Error in media list. (Invalid token "(". Was expecting one of: <S>, <IDENT>.)
Aug 29, 2015 1:51:08 PM com.gargoylesoftware.htmlunit.DefaultCssErrorHandler error
WARNING: CSS error: 'https://maxcdn.bootstrapcdn.com/bootstrap/3.3.5/css/bootstrap.min.css' [5:73483] Error in media list. (Invalid token "(". Was expecting one of: <S>, <IDENT>.)
Aug 29, 2015 1:51:08 PM com.gargoylesoftware.htmlunit.DefaultCssErrorHandler error
WARNING: CSS error: 'https://maxcdn.bootstrapcdn.com/bootstrap/3.3.5/css/bootstrap.min.css' [5:73604] Error in media list. (Invalid token "(". Was expecting one of: <S>, <IDENT>.)
Aug 29, 2015 1:51:08 PM com.gargoylesoftware.htmlunit.DefaultCssErrorHandler error
WARNING: CSS error: 'https://maxcdn.bootstrapcdn.com/bootstrap/3.3.5/css/bootstrap.min.css' [5:74237] Error in media list. (Invalid token "(". Was expecting one of: <S>, <IDENT>.)
Aug 29, 2015 1:51:08 PM com.gargoylesoftware.htmlunit.DefaultCssErrorHandler error
WARNING: CSS error: 'https://maxcdn.bootstrapcdn.com/bootstrap/3.3.5/css/bootstrap.min.css' [5:74322] Error in media list. (Invalid token "(". Was expecting one of: <S>, <IDENT>.)
Aug 29, 2015 1:51:08 PM com.gargoylesoftware.htmlunit.DefaultCssErrorHandler error
WARNING: CSS error: 'https://maxcdn.bootstrapcdn.com/bootstrap/3.3.5/css/bootstrap.min.css' [5:75681] Error in media list. (Invalid token "(". Was expecting one of: <S>, <IDENT>.)
Aug 29, 2015 1:51:08 PM com.gargoylesoftware.htmlunit.DefaultCssErrorHandler error
WARNING: CSS error: 'https://maxcdn.bootstrapcdn.com/bootstrap/3.3.5/css/bootstrap.min.css' [5:77991] Error in media list. (Invalid token "(". Was expecting one of: <S>, <IDENT>.)
Aug 29, 2015 1:51:08 PM com.gargoylesoftware.htmlunit.DefaultCssErrorHandler error
WARNING: CSS error: 'https://maxcdn.bootstrapcdn.com/bootstrap/3.3.5/css/bootstrap.min.css' [5:83978] Error in @media rule. (Invalid token "and". Was expecting one of: <S>, <LBRACE>, <COMMA>.)
Aug 29, 2015 1:51:08 PM com.gargoylesoftware.htmlunit.DefaultCssErrorHandler warning
WARNING: CSS warning: 'https://maxcdn.bootstrapcdn.com/bootstrap/3.3.5/css/bootstrap.min.css' [5:83978] Ignoring the whole rule.
Aug 29, 2015 1:51:08 PM com.gargoylesoftware.htmlunit.DefaultCssErrorHandler error
WARNING: CSS error: 'https://maxcdn.bootstrapcdn.com/bootstrap/3.3.5/css/bootstrap.min.css' [5:109080] Error in media list. (Invalid token "(". Was expecting one of: <S>, <IDENT>.)
Aug 29, 2015 1:51:08 PM com.gargoylesoftware.htmlunit.DefaultCssErrorHandler error
WARNING: CSS error: 'https://maxcdn.bootstrapcdn.com/bootstrap/3.3.5/css/bootstrap.min.css' [5:109268] Error in media list. (Invalid token "(". Was expecting one of: <S>, <IDENT>.)
Aug 29, 2015 1:51:08 PM com.gargoylesoftware.htmlunit.DefaultCssErrorHandler error
WARNING: CSS error: 'https://maxcdn.bootstrapcdn.com/bootstrap/3.3.5/css/bootstrap.min.css' [5:113562] Error in @media rule. (Invalid token "and". Was expecting one of: <S>, <LBRACE>, <COMMA>.)
Aug 29, 2015 1:51:08 PM com.gargoylesoftware.htmlunit.DefaultCssErrorHandler warning
WARNING: CSS warning: 'https://maxcdn.bootstrapcdn.com/bootstrap/3.3.5/css/bootstrap.min.css' [5:113562] Ignoring the whole rule.
Aug 29, 2015 1:51:08 PM com.gargoylesoftware.htmlunit.DefaultCssErrorHandler error
WARNING: CSS error: 'https://maxcdn.bootstrapcdn.com/bootstrap/3.3.5/css/bootstrap.min.css' [5:115294] Error in expression; ':' found after identifier "progid".
Aug 29, 2015 1:51:08 PM com.gargoylesoftware.htmlunit.DefaultCssErrorHandler error
WARNING: CSS error: 'https://maxcdn.bootstrapcdn.com/bootstrap/3.3.5/css/bootstrap.min.css' [5:115837] Error in expression; ':' found after identifier "progid".
Aug 29, 2015 1:51:08 PM com.gargoylesoftware.htmlunit.DefaultCssErrorHandler error
WARNING: CSS error: 'https://maxcdn.bootstrapcdn.com/bootstrap/3.3.5/css/bootstrap.min.css' [5:117005] Invalid color "#000\9".
Aug 29, 2015 1:51:08 PM com.gargoylesoftware.htmlunit.DefaultCssErrorHandler error
WARNING: CSS error: 'https://maxcdn.bootstrapcdn.com/bootstrap/3.3.5/css/bootstrap.min.css' [5:117402] Error in @media rule. (Invalid token "and". Was expecting one of: <S>, <LBRACE>, <COMMA>.)
Aug 29, 2015 1:51:08 PM com.gargoylesoftware.htmlunit.DefaultCssErrorHandler warning
WARNING: CSS warning: 'https://maxcdn.bootstrapcdn.com/bootstrap/3.3.5/css/bootstrap.min.css' [5:117402] Ignoring the whole rule.
Aug 29, 2015 1:51:08 PM com.gargoylesoftware.htmlunit.DefaultCssErrorHandler error
WARNING: CSS error: 'https://maxcdn.bootstrapcdn.com/bootstrap/3.3.5/css/bootstrap.min.css' [5:119598] Error in media list. (Invalid token "(". Was expecting one of: <S>, <IDENT>.)
Aug 29, 2015 1:51:08 PM com.gargoylesoftware.htmlunit.DefaultCssErrorHandler error
WARNING: CSS error: 'https://maxcdn.bootstrapcdn.com/bootstrap/3.3.5/css/bootstrap.min.css' [5:119800] Error in media list. (Invalid token "(". Was expecting one of: <S>, <IDENT>.)
Aug 29, 2015 1:51:08 PM com.gargoylesoftware.htmlunit.DefaultCssErrorHandler error
WARNING: CSS error: 'https://maxcdn.bootstrapcdn.com/bootstrap/3.3.5/css/bootstrap.min.css' [5:119868] Error in media list. (Invalid token "(". Was expecting one of: <S>, <IDENT>.)
Aug 29, 2015 1:51:08 PM com.gargoylesoftware.htmlunit.DefaultCssErrorHandler error
WARNING: CSS error: 'https://maxcdn.bootstrapcdn.com/bootstrap/3.3.5/css/bootstrap.min.css' [5:119938] Error in media list. (Invalid token "(". Was expecting one of: <S>, <IDENT>.)
Aug 29, 2015 1:51:08 PM com.gargoylesoftware.htmlunit.DefaultCssErrorHandler error
WARNING: CSS error: 'https://maxcdn.bootstrapcdn.com/bootstrap/3.3.5/css/bootstrap.min.css' [5:120020] Error in media list. (Invalid token "(". Was expecting one of: <S>, <IDENT>.)
Aug 29, 2015 1:51:08 PM com.gargoylesoftware.htmlunit.DefaultCssErrorHandler error
WARNING: CSS error: 'https://maxcdn.bootstrapcdn.com/bootstrap/3.3.5/css/bootstrap.min.css' [5:120244] Error in media list. (Invalid token "(". Was expecting one of: <S>, <IDENT>.)
Aug 29, 2015 1:51:08 PM com.gargoylesoftware.htmlunit.DefaultCssErrorHandler error
WARNING: CSS error: 'https://maxcdn.bootstrapcdn.com/bootstrap/3.3.5/css/bootstrap.min.css' [5:120334] Error in media list. (Invalid token "(". Was expecting one of: <S>, <IDENT>.)
Aug 29, 2015 1:51:08 PM com.gargoylesoftware.htmlunit.DefaultCssErrorHandler error
WARNING: CSS error: 'https://maxcdn.bootstrapcdn.com/bootstrap/3.3.5/css/bootstrap.min.css' [5:120426] Error in media list. (Invalid token "(". Was expecting one of: <S>, <IDENT>.)
Aug 29, 2015 1:51:08 PM com.gargoylesoftware.htmlunit.DefaultCssErrorHandler error
WARNING: CSS error: 'https://maxcdn.bootstrapcdn.com/bootstrap/3.3.5/css/bootstrap.min.css' [5:120530] Error in media list. (Invalid token "(". Was expecting one of: <S>, <IDENT>.)
Aug 29, 2015 1:51:08 PM com.gargoylesoftware.htmlunit.DefaultCssErrorHandler error
WARNING: CSS error: 'https://maxcdn.bootstrapcdn.com/bootstrap/3.3.5/css/bootstrap.min.css' [5:120755] Error in media list. (Invalid token "(". Was expecting one of: <S>, <IDENT>.)
Aug 29, 2015 1:51:08 PM com.gargoylesoftware.htmlunit.DefaultCssErrorHandler error
WARNING: CSS error: 'https://maxcdn.bootstrapcdn.com/bootstrap/3.3.5/css/bootstrap.min.css' [5:120846] Error in media list. (Invalid token "(". Was expecting one of: <S>, <IDENT>.)
Aug 29, 2015 1:51:08 PM com.gargoylesoftware.htmlunit.DefaultCssErrorHandler error
WARNING: CSS error: 'https://maxcdn.bootstrapcdn.com/bootstrap/3.3.5/css/bootstrap.min.css' [5:120939] Error in media list. (Invalid token "(". Was expecting one of: <S>, <IDENT>.)
Aug 29, 2015 1:51:08 PM com.gargoylesoftware.htmlunit.DefaultCssErrorHandler error
WARNING: CSS error: 'https://maxcdn.bootstrapcdn.com/bootstrap/3.3.5/css/bootstrap.min.css' [5:121044] Error in media list. (Invalid token "(". Was expecting one of: <S>, <IDENT>.)
Aug 29, 2015 1:51:08 PM com.gargoylesoftware.htmlunit.DefaultCssErrorHandler error
WARNING: CSS error: 'https://maxcdn.bootstrapcdn.com/bootstrap/3.3.5/css/bootstrap.min.css' [5:121247] Error in media list. (Invalid token "(". Was expecting one of: <S>, <IDENT>.)
Aug 29, 2015 1:51:08 PM com.gargoylesoftware.htmlunit.DefaultCssErrorHandler error
WARNING: CSS error: 'https://maxcdn.bootstrapcdn.com/bootstrap/3.3.5/css/bootstrap.min.css' [5:121316] Error in media list. (Invalid token "(". Was expecting one of: <S>, <IDENT>.)
Aug 29, 2015 1:51:08 PM com.gargoylesoftware.htmlunit.DefaultCssErrorHandler error
WARNING: CSS error: 'https://maxcdn.bootstrapcdn.com/bootstrap/3.3.5/css/bootstrap.min.css' [5:121387] Error in media list. (Invalid token "(". Was expecting one of: <S>, <IDENT>.)
Aug 29, 2015 1:51:08 PM com.gargoylesoftware.htmlunit.DefaultCssErrorHandler error
WARNING: CSS error: 'https://maxcdn.bootstrapcdn.com/bootstrap/3.3.5/css/bootstrap.min.css' [5:121470] Error in media list. (Invalid token "(". Was expecting one of: <S>, <IDENT>.)
Aug 29, 2015 1:51:08 PM com.gargoylesoftware.htmlunit.DefaultCssErrorHandler error
WARNING: CSS error: 'https://maxcdn.bootstrapcdn.com/bootstrap/3.3.5/css/bootstrap.min.css' [5:121530] Error in media list. (Invalid token "(". Was expecting one of: <S>, <IDENT>.)
Aug 29, 2015 1:51:08 PM com.gargoylesoftware.htmlunit.DefaultCssErrorHandler error
WARNING: CSS error: 'https://maxcdn.bootstrapcdn.com/bootstrap/3.3.5/css/bootstrap.min.css' [5:121612] Error in media list. (Invalid token "(". Was expecting one of: <S>, <IDENT>.)
Aug 29, 2015 1:51:08 PM com.gargoylesoftware.htmlunit.DefaultCssErrorHandler error
WARNING: CSS error: 'https://maxcdn.bootstrapcdn.com/bootstrap/3.3.5/css/bootstrap.min.css' [5:121695] Error in media list. (Invalid token "(". Was expecting one of: <S>, <IDENT>.)
Aug 29, 2015 1:51:09 PM com.gargoylesoftware.htmlunit.DefaultCssErrorHandler error
WARNING: CSS error: 'https://maxcdn.bootstrapcdn.com/bootstrap/3.3.5/css/bootstrap.min.css' [5:17606] Error in media list. (Invalid token "(". Was expecting one of: <S>, <IDENT>.)
Aug 29, 2015 1:51:09 PM com.gargoylesoftware.htmlunit.DefaultCssErrorHandler error
WARNING: CSS error: 'https://maxcdn.bootstrapcdn.com/bootstrap/3.3.5/css/bootstrap.min.css' [5:19373] Error in media list. (Invalid token "(". Was expecting one of: <S>, <IDENT>.)
Aug 29, 2015 1:51:09 PM com.gargoylesoftware.htmlunit.DefaultCssErrorHandler error
WARNING: CSS error: 'https://maxcdn.bootstrapcdn.com/bootstrap/3.3.5/css/bootstrap.min.css' [5:21618] Error in media list. (Invalid token "(". Was expecting one of: <S>, <IDENT>.)
Aug 29, 2015 1:51:09 PM com.gargoylesoftware.htmlunit.DefaultCssErrorHandler error
WARNING: CSS error: 'https://maxcdn.bootstrapcdn.com/bootstrap/3.3.5/css/bootstrap.min.css' [5:21667] Error in media list. (Invalid token "(". Was expecting one of: <S>, <IDENT>.)
Aug 29, 2015 1:51:09 PM com.gargoylesoftware.htmlunit.DefaultCssErrorHandler error
WARNING: CSS error: 'https://maxcdn.bootstrapcdn.com/bootstrap/3.3.5/css/bootstrap.min.css' [5:21716] Error in media list. (Invalid token "(". Was expecting one of: <S>, <IDENT>.)
Aug 29, 2015 1:51:09 PM com.gargoylesoftware.htmlunit.DefaultCssErrorHandler error
WARNING: CSS error: 'https://maxcdn.bootstrapcdn.com/bootstrap/3.3.5/css/bootstrap.min.css' [5:24200] Error in media list. (Invalid token "(". Was expecting one of: <S>, <IDENT>.)
Aug 29, 2015 1:51:09 PM com.gargoylesoftware.htmlunit.DefaultCssErrorHandler error
WARNING: CSS error: 'https://maxcdn.bootstrapcdn.com/bootstrap/3.3.5/css/bootstrap.min.css' [5:25966] Error in media list. (Invalid token "(". Was expecting one of: <S>, <IDENT>.)
Aug 29, 2015 1:51:09 PM com.gargoylesoftware.htmlunit.DefaultCssErrorHandler error
WARNING: CSS error: 'https://maxcdn.bootstrapcdn.com/bootstrap/3.3.5/css/bootstrap.min.css' [5:27732] Error in media list. (Invalid token "(". Was expecting one of: <S>, <IDENT>.)
Aug 29, 2015 1:51:09 PM com.gargoylesoftware.htmlunit.DefaultCssErrorHandler error
WARNING: CSS error: 'https://maxcdn.bootstrapcdn.com/bootstrap/3.3.5/css/bootstrap.min.css' [5:33858] Error in @media rule. (Invalid token "and". Was expecting one of: <S>, <LBRACE>, <COMMA>.)
Aug 29, 2015 1:51:09 PM com.gargoylesoftware.htmlunit.DefaultCssErrorHandler warning
WARNING: CSS warning: 'https://maxcdn.bootstrapcdn.com/bootstrap/3.3.5/css/bootstrap.min.css' [5:33858] Ignoring the whole rule.
Aug 29, 2015 1:51:09 PM com.gargoylesoftware.htmlunit.DefaultCssErrorHandler error
WARNING: CSS error: 'https://maxcdn.bootstrapcdn.com/bootstrap/3.3.5/css/bootstrap.min.css' [5:37280] Error in @media rule. (Invalid token "and". Was expecting one of: <S>, <LBRACE>, <COMMA>.)
Aug 29, 2015 1:51:09 PM com.gargoylesoftware.htmlunit.DefaultCssErrorHandler warning
WARNING: CSS warning: 'https://maxcdn.bootstrapcdn.com/bootstrap/3.3.5/css/bootstrap.min.css' [5:37280] Ignoring the whole rule.
Aug 29, 2015 1:51:09 PM com.gargoylesoftware.htmlunit.DefaultCssErrorHandler error
WARNING: CSS error: 'https://maxcdn.bootstrapcdn.com/bootstrap/3.3.5/css/bootstrap.min.css' [5:43528] Error in media list. (Invalid token "(". Was expecting one of: <S>, <IDENT>.)
Aug 29, 2015 1:51:09 PM com.gargoylesoftware.htmlunit.DefaultCssErrorHandler error
WARNING: CSS error: 'https://maxcdn.bootstrapcdn.com/bootstrap/3.3.5/css/bootstrap.min.css' [5:44748] Error in media list. (Invalid token "(". Was expecting one of: <S>, <IDENT>.)
Aug 29, 2015 1:51:09 PM com.gargoylesoftware.htmlunit.DefaultCssErrorHandler error
WARNING: CSS error: 'https://maxcdn.bootstrapcdn.com/bootstrap/3.3.5/css/bootstrap.min.css' [5:44920] Error in media list. (Invalid token "(". Was expecting one of: <S>, <IDENT>.)
Aug 29, 2015 1:51:09 PM com.gargoylesoftware.htmlunit.DefaultCssErrorHandler error
WARNING: CSS error: 'https://maxcdn.bootstrapcdn.com/bootstrap/3.3.5/css/bootstrap.min.css' [5:45028] Error in media list. (Invalid token "(". Was expecting one of: <S>, <IDENT>.)
Aug 29, 2015 1:51:09 PM com.gargoylesoftware.htmlunit.DefaultCssErrorHandler error
WARNING: CSS error: 'https://maxcdn.bootstrapcdn.com/bootstrap/3.3.5/css/bootstrap.min.css' [5:57895] Error in expression; ':' found after identifier "progid".
Aug 29, 2015 1:51:09 PM com.gargoylesoftware.htmlunit.DefaultCssErrorHandler error
WARNING: CSS error: 'https://maxcdn.bootstrapcdn.com/bootstrap/3.3.5/css/bootstrap.min.css' [5:58557] Error in media list. (Invalid token "(". Was expecting one of: <S>, <IDENT>.)
Aug 29, 2015 1:51:09 PM com.gargoylesoftware.htmlunit.DefaultCssErrorHandler error
WARNING: CSS error: 'https://maxcdn.bootstrapcdn.com/bootstrap/3.3.5/css/bootstrap.min.css' [5:67219] Error in media list. (Invalid token "(". Was expecting one of: <S>, <IDENT>.)
Aug 29, 2015 1:51:09 PM com.gargoylesoftware.htmlunit.DefaultCssErrorHandler error
WARNING: CSS error: 'https://maxcdn.bootstrapcdn.com/bootstrap/3.3.5/css/bootstrap.min.css' [5:67543] Error in media list. (Invalid token "(". Was expecting one of: <S>, <IDENT>.)
Aug 29, 2015 1:51:09 PM com.gargoylesoftware.htmlunit.DefaultCssErrorHandler error
WARNING: CSS error: 'https://maxcdn.bootstrapcdn.com/bootstrap/3.3.5/css/bootstrap.min.css' [5:68246] Error in media list. (Invalid token "(". Was expecting one of: <S>, <IDENT>.)
Aug 29, 2015 1:51:09 PM com.gargoylesoftware.htmlunit.DefaultCssErrorHandler error
WARNING: CSS error: 'https://maxcdn.bootstrapcdn.com/bootstrap/3.3.5/css/bootstrap.min.css' [5:68572] Error in media list. (Invalid token "(". Was expecting one of: <S>, <IDENT>.)
Aug 29, 2015 1:51:09 PM com.gargoylesoftware.htmlunit.DefaultCssErrorHandler error
WARNING: CSS error: 'https://maxcdn.bootstrapcdn.com/bootstrap/3.3.5/css/bootstrap.min.css' [5:69058] Error in media list. (Invalid token "(". Was expecting one of: <S>, <IDENT>.)
Aug 29, 2015 1:51:09 PM com.gargoylesoftware.htmlunit.DefaultCssErrorHandler error
WARNING: CSS error: 'https://maxcdn.bootstrapcdn.com/bootstrap/3.3.5/css/bootstrap.min.css' [5:69110] Error in media list. (Invalid token "(". Was expecting one of: <S>, <IDENT>.)
Aug 29, 2015 1:51:09 PM com.gargoylesoftware.htmlunit.DefaultCssErrorHandler error
WARNING: CSS error: 'https://maxcdn.bootstrapcdn.com/bootstrap/3.3.5/css/bootstrap.min.css' [5:69437] Error in media list. (Invalid token "(". Was expecting one of: <S>, <IDENT>.)
Aug 29, 2015 1:51:09 PM com.gargoylesoftware.htmlunit.DefaultCssErrorHandler error
WARNING: CSS error: 'https://maxcdn.bootstrapcdn.com/bootstrap/3.3.5/css/bootstrap.min.css' [5:69929] Error in media list. (Invalid token "(". Was expecting one of: <S>, <IDENT>.)
Aug 29, 2015 1:51:09 PM com.gargoylesoftware.htmlunit.DefaultCssErrorHandler error
WARNING: CSS error: 'https://maxcdn.bootstrapcdn.com/bootstrap/3.3.5/css/bootstrap.min.css' [5:70237] Error in media list. (Invalid token "(". Was expecting one of: <S>, <IDENT>.)
Aug 29, 2015 1:51:09 PM com.gargoylesoftware.htmlunit.DefaultCssErrorHandler error
WARNING: CSS error: 'https://maxcdn.bootstrapcdn.com/bootstrap/3.3.5/css/bootstrap.min.css' [5:70465] Error in media list. (Invalid token "(". Was expecting one of: <S>, <IDENT>.)
Aug 29, 2015 1:51:09 PM com.gargoylesoftware.htmlunit.DefaultCssErrorHandler error
WARNING: CSS error: 'https://maxcdn.bootstrapcdn.com/bootstrap/3.3.5/css/bootstrap.min.css' [5:70608] Error in media list. (Invalid token "(". Was expecting one of: <S>, <IDENT>.)
Aug 29, 2015 1:51:09 PM com.gargoylesoftware.htmlunit.DefaultCssErrorHandler error
WARNING: CSS error: 'https://maxcdn.bootstrapcdn.com/bootstrap/3.3.5/css/bootstrap.min.css' [5:70981] Error in media list. (Invalid token "(". Was expecting one of: <S>, <IDENT>.)
Aug 29, 2015 1:51:09 PM com.gargoylesoftware.htmlunit.DefaultCssErrorHandler error
WARNING: CSS error: 'https://maxcdn.bootstrapcdn.com/bootstrap/3.3.5/css/bootstrap.min.css' [5:71468] Error in media list. (Invalid token "(". Was expecting one of: <S>, <IDENT>.)
Aug 29, 2015 1:51:09 PM com.gargoylesoftware.htmlunit.DefaultCssErrorHandler error
WARNING: CSS error: 'https://maxcdn.bootstrapcdn.com/bootstrap/3.3.5/css/bootstrap.min.css' [5:71624] Error in media list. (Invalid token "(". Was expecting one of: <S>, <IDENT>.)
Aug 29, 2015 1:51:09 PM com.gargoylesoftware.htmlunit.DefaultCssErrorHandler error
WARNING: CSS error: 'https://maxcdn.bootstrapcdn.com/bootstrap/3.3.5/css/bootstrap.min.css' [5:72091] Error in media list. (Invalid token "(". Was expecting one of: <S>, <IDENT>.)
Aug 29, 2015 1:51:09 PM com.gargoylesoftware.htmlunit.DefaultCssErrorHandler error
WARNING: CSS error: 'https://maxcdn.bootstrapcdn.com/bootstrap/3.3.5/css/bootstrap.min.css' [5:72557] Error in media list. (Invalid token "(". Was expecting one of: <S>, <IDENT>.)
Aug 29, 2015 1:51:09 PM com.gargoylesoftware.htmlunit.DefaultCssErrorHandler error
WARNING: CSS error: 'https://maxcdn.bootstrapcdn.com/bootstrap/3.3.5/css/bootstrap.min.css' [5:73483] Error in media list. (Invalid token "(". Was expecting one of: <S>, <IDENT>.)
Aug 29, 2015 1:51:09 PM com.gargoylesoftware.htmlunit.DefaultCssErrorHandler error
WARNING: CSS error: 'https://maxcdn.bootstrapcdn.com/bootstrap/3.3.5/css/bootstrap.min.css' [5:73604] Error in media list. (Invalid token "(". Was expecting one of: <S>, <IDENT>.)
Aug 29, 2015 1:51:09 PM com.gargoylesoftware.htmlunit.DefaultCssErrorHandler error
WARNING: CSS error: 'https://maxcdn.bootstrapcdn.com/bootstrap/3.3.5/css/bootstrap.min.css' [5:74237] Error in media list. (Invalid token "(". Was expecting one of: <S>, <IDENT>.)
Aug 29, 2015 1:51:09 PM com.gargoylesoftware.htmlunit.DefaultCssErrorHandler error
WARNING: CSS error: 'https://maxcdn.bootstrapcdn.com/bootstrap/3.3.5/css/bootstrap.min.css' [5:74322] Error in media list. (Invalid token "(". Was expecting one of: <S>, <IDENT>.)
Aug 29, 2015 1:51:09 PM com.gargoylesoftware.htmlunit.DefaultCssErrorHandler error
WARNING: CSS error: 'https://maxcdn.bootstrapcdn.com/bootstrap/3.3.5/css/bootstrap.min.css' [5:75681] Error in media list. (Invalid token "(". Was expecting one of: <S>, <IDENT>.)
Aug 29, 2015 1:51:09 PM com.gargoylesoftware.htmlunit.DefaultCssErrorHandler error
WARNING: CSS error: 'https://maxcdn.bootstrapcdn.com/bootstrap/3.3.5/css/bootstrap.min.css' [5:77991] Error in media list. (Invalid token "(". Was expecting one of: <S>, <IDENT>.)
Aug 29, 2015 1:51:09 PM com.gargoylesoftware.htmlunit.DefaultCssErrorHandler error
WARNING: CSS error: 'https://maxcdn.bootstrapcdn.com/bootstrap/3.3.5/css/bootstrap.min.css' [5:83978] Error in @media rule. (Invalid token "and". Was expecting one of: <S>, <LBRACE>, <COMMA>.)
Aug 29, 2015 1:51:09 PM com.gargoylesoftware.htmlunit.DefaultCssErrorHandler warning
WARNING: CSS warning: 'https://maxcdn.bootstrapcdn.com/bootstrap/3.3.5/css/bootstrap.min.css' [5:83978] Ignoring the whole rule.
Aug 29, 2015 1:51:09 PM com.gargoylesoftware.htmlunit.DefaultCssErrorHandler error
WARNING: CSS error: 'https://maxcdn.bootstrapcdn.com/bootstrap/3.3.5/css/bootstrap.min.css' [5:109080] Error in media list. (Invalid token "(". Was expecting one of: <S>, <IDENT>.)
Aug 29, 2015 1:51:09 PM com.gargoylesoftware.htmlunit.DefaultCssErrorHandler error
WARNING: CSS error: 'https://maxcdn.bootstrapcdn.com/bootstrap/3.3.5/css/bootstrap.min.css' [5:109268] Error in media list. (Invalid token "(". Was expecting one of: <S>, <IDENT>.)
Aug 29, 2015 1:51:09 PM com.gargoylesoftware.htmlunit.DefaultCssErrorHandler error
WARNING: CSS error: 'https://maxcdn.bootstrapcdn.com/bootstrap/3.3.5/css/bootstrap.min.css' [5:113562] Error in @media rule. (Invalid token "and". Was expecting one of: <S>, <LBRACE>, <COMMA>.)
Aug 29, 2015 1:51:09 PM com.gargoylesoftware.htmlunit.DefaultCssErrorHandler warning
WARNING: CSS warning: 'https://maxcdn.bootstrapcdn.com/bootstrap/3.3.5/css/bootstrap.min.css' [5:113562] Ignoring the whole rule.
Aug 29, 2015 1:51:09 PM com.gargoylesoftware.htmlunit.DefaultCssErrorHandler error
WARNING: CSS error: 'https://maxcdn.bootstrapcdn.com/bootstrap/3.3.5/css/bootstrap.min.css' [5:115294] Error in expression; ':' found after identifier "progid".
Aug 29, 2015 1:51:09 PM com.gargoylesoftware.htmlunit.DefaultCssErrorHandler error
WARNING: CSS error: 'https://maxcdn.bootstrapcdn.com/bootstrap/3.3.5/css/bootstrap.min.css' [5:115837] Error in expression; ':' found after identifier "progid".
Aug 29, 2015 1:51:09 PM com.gargoylesoftware.htmlunit.DefaultCssErrorHandler error
WARNING: CSS error: 'https://maxcdn.bootstrapcdn.com/bootstrap/3.3.5/css/bootstrap.min.css' [5:117005] Invalid color "#000\9".
Aug 29, 2015 1:51:09 PM com.gargoylesoftware.htmlunit.DefaultCssErrorHandler error
WARNING: CSS error: 'https://maxcdn.bootstrapcdn.com/bootstrap/3.3.5/css/bootstrap.min.css' [5:117402] Error in @media rule. (Invalid token "and". Was expecting one of: <S>, <LBRACE>, <COMMA>.)
Aug 29, 2015 1:51:09 PM com.gargoylesoftware.htmlunit.DefaultCssErrorHandler warning
WARNING: CSS warning: 'https://maxcdn.bootstrapcdn.com/bootstrap/3.3.5/css/bootstrap.min.css' [5:117402] Ignoring the whole rule.
Aug 29, 2015 1:51:09 PM com.gargoylesoftware.htmlunit.DefaultCssErrorHandler error
WARNING: CSS error: 'https://maxcdn.bootstrapcdn.com/bootstrap/3.3.5/css/bootstrap.min.css' [5:119598] Error in media list. (Invalid token "(". Was expecting one of: <S>, <IDENT>.)
Aug 29, 2015 1:51:09 PM com.gargoylesoftware.htmlunit.DefaultCssErrorHandler error
WARNING: CSS error: 'https://maxcdn.bootstrapcdn.com/bootstrap/3.3.5/css/bootstrap.min.css' [5:119800] Error in media list. (Invalid token "(". Was expecting one of: <S>, <IDENT>.)
Aug 29, 2015 1:51:09 PM com.gargoylesoftware.htmlunit.DefaultCssErrorHandler error
WARNING: CSS error: 'https://maxcdn.bootstrapcdn.com/bootstrap/3.3.5/css/bootstrap.min.css' [5:119868] Error in media list. (Invalid token "(". Was expecting one of: <S>, <IDENT>.)
Aug 29, 2015 1:51:09 PM com.gargoylesoftware.htmlunit.DefaultCssErrorHandler error
WARNING: CSS error: 'https://maxcdn.bootstrapcdn.com/bootstrap/3.3.5/css/bootstrap.min.css' [5:119938] Error in media list. (Invalid token "(". Was expecting one of: <S>, <IDENT>.)
Aug 29, 2015 1:51:09 PM com.gargoylesoftware.htmlunit.DefaultCssErrorHandler error
WARNING: CSS error: 'https://maxcdn.bootstrapcdn.com/bootstrap/3.3.5/css/bootstrap.min.css' [5:120020] Error in media list. (Invalid token "(". Was expecting one of: <S>, <IDENT>.)
Aug 29, 2015 1:51:10 PM com.gargoylesoftware.htmlunit.DefaultCssErrorHandler error
WARNING: CSS error: 'https://maxcdn.bootstrapcdn.com/bootstrap/3.3.5/css/bootstrap.min.css' [5:120244] Error in media list. (Invalid token "(". Was expecting one of: <S>, <IDENT>.)
Aug 29, 2015 1:51:10 PM com.gargoylesoftware.htmlunit.DefaultCssErrorHandler error
WARNING: CSS error: 'https://maxcdn.bootstrapcdn.com/bootstrap/3.3.5/css/bootstrap.min.css' [5:120334] Error in media list. (Invalid token "(". Was expecting one of: <S>, <IDENT>.)
Aug 29, 2015 1:51:10 PM com.gargoylesoftware.htmlunit.DefaultCssErrorHandler error
WARNING: CSS error: 'https://maxcdn.bootstrapcdn.com/bootstrap/3.3.5/css/bootstrap.min.css' [5:120426] Error in media list. (Invalid token "(". Was expecting one of: <S>, <IDENT>.)
Aug 29, 2015 1:51:10 PM com.gargoylesoftware.htmlunit.DefaultCssErrorHandler error
WARNING: CSS error: 'https://maxcdn.bootstrapcdn.com/bootstrap/3.3.5/css/bootstrap.min.css' [5:120530] Error in media list. (Invalid token "(". Was expecting one of: <S>, <IDENT>.)
Aug 29, 2015 1:51:10 PM com.gargoylesoftware.htmlunit.DefaultCssErrorHandler error
WARNING: CSS error: 'https://maxcdn.bootstrapcdn.com/bootstrap/3.3.5/css/bootstrap.min.css' [5:120755] Error in media list. (Invalid token "(". Was expecting one of: <S>, <IDENT>.)
Aug 29, 2015 1:51:10 PM com.gargoylesoftware.htmlunit.DefaultCssErrorHandler error
WARNING: CSS error: 'https://maxcdn.bootstrapcdn.com/bootstrap/3.3.5/css/bootstrap.min.css' [5:120846] Error in media list. (Invalid token "(". Was expecting one of: <S>, <IDENT>.)
Aug 29, 2015 1:51:10 PM com.gargoylesoftware.htmlunit.DefaultCssErrorHandler error
WARNING: CSS error: 'https://maxcdn.bootstrapcdn.com/bootstrap/3.3.5/css/bootstrap.min.css' [5:120939] Error in media list. (Invalid token "(". Was expecting one of: <S>, <IDENT>.)
Aug 29, 2015 1:51:10 PM com.gargoylesoftware.htmlunit.DefaultCssErrorHandler error
WARNING: CSS error: 'https://maxcdn.bootstrapcdn.com/bootstrap/3.3.5/css/bootstrap.min.css' [5:121044] Error in media list. (Invalid token "(". Was expecting one of: <S>, <IDENT>.)
Aug 29, 2015 1:51:10 PM com.gargoylesoftware.htmlunit.DefaultCssErrorHandler error
WARNING: CSS error: 'https://maxcdn.bootstrapcdn.com/bootstrap/3.3.5/css/bootstrap.min.css' [5:121247] Error in media list. (Invalid token "(". Was expecting one of: <S>, <IDENT>.)
Aug 29, 2015 1:51:10 PM com.gargoylesoftware.htmlunit.DefaultCssErrorHandler error
WARNING: CSS error: 'https://maxcdn.bootstrapcdn.com/bootstrap/3.3.5/css/bootstrap.min.css' [5:121316] Error in media list. (Invalid token "(". Was expecting one of: <S>, <IDENT>.)
Aug 29, 2015 1:51:10 PM com.gargoylesoftware.htmlunit.DefaultCssErrorHandler error
WARNING: CSS error: 'https://maxcdn.bootstrapcdn.com/bootstrap/3.3.5/css/bootstrap.min.css' [5:121387] Error in media list. (Invalid token "(". Was expecting one of: <S>, <IDENT>.)
Aug 29, 2015 1:51:10 PM com.gargoylesoftware.htmlunit.DefaultCssErrorHandler error
WARNING: CSS error: 'https://maxcdn.bootstrapcdn.com/bootstrap/3.3.5/css/bootstrap.min.css' [5:121470] Error in media list. (Invalid token "(". Was expecting one of: <S>, <IDENT>.)
Aug 29, 2015 1:51:10 PM com.gargoylesoftware.htmlunit.DefaultCssErrorHandler error
WARNING: CSS error: 'https://maxcdn.bootstrapcdn.com/bootstrap/3.3.5/css/bootstrap.min.css' [5:121530] Error in media list. (Invalid token "(". Was expecting one of: <S>, <IDENT>.)
Aug 29, 2015 1:51:10 PM com.gargoylesoftware.htmlunit.DefaultCssErrorHandler error
WARNING: CSS error: 'https://maxcdn.bootstrapcdn.com/bootstrap/3.3.5/css/bootstrap.min.css' [5:121612] Error in media list. (Invalid token "(". Was expecting one of: <S>, <IDENT>.)
Aug 29, 2015 1:51:10 PM com.gargoylesoftware.htmlunit.DefaultCssErrorHandler error
WARNING: CSS error: 'https://maxcdn.bootstrapcdn.com/bootstrap/3.3.5/css/bootstrap.min.css' [5:121695] Error in media list. (Invalid token "(". Was expecting one of: <S>, <IDENT>.)
Aug 29, 2015 1:51:10 PM com.gargoylesoftware.htmlunit.DefaultCssErrorHandler error
WARNING: CSS error: 'https://maxcdn.bootstrapcdn.com/bootstrap/3.3.5/css/bootstrap.min.css' [5:17606] Error in media list. (Invalid token "(". Was expecting one of: <S>, <IDENT>.)
Aug 29, 2015 1:51:10 PM com.gargoylesoftware.htmlunit.DefaultCssErrorHandler error
WARNING: CSS error: 'https://maxcdn.bootstrapcdn.com/bootstrap/3.3.5/css/bootstrap.min.css' [5:19373] Error in media list. (Invalid token "(". Was expecting one of: <S>, <IDENT>.)
Aug 29, 2015 1:51:10 PM com.gargoylesoftware.htmlunit.DefaultCssErrorHandler error
WARNING: CSS error: 'https://maxcdn.bootstrapcdn.com/bootstrap/3.3.5/css/bootstrap.min.css' [5:21618] Error in media list. (Invalid token "(". Was expecting one of: <S>, <IDENT>.)
Aug 29, 2015 1:51:10 PM com.gargoylesoftware.htmlunit.DefaultCssErrorHandler error
WARNING: CSS error: 'https://maxcdn.bootstrapcdn.com/bootstrap/3.3.5/css/bootstrap.min.css' [5:21667] Error in media list. (Invalid token "(". Was expecting one of: <S>, <IDENT>.)
Aug 29, 2015 1:51:10 PM com.gargoylesoftware.htmlunit.DefaultCssErrorHandler error
WARNING: CSS error: 'https://maxcdn.bootstrapcdn.com/bootstrap/3.3.5/css/bootstrap.min.css' [5:21716] Error in media list. (Invalid token "(". Was expecting one of: <S>, <IDENT>.)
Aug 29, 2015 1:51:10 PM com.gargoylesoftware.htmlunit.DefaultCssErrorHandler error
WARNING: CSS error: 'https://maxcdn.bootstrapcdn.com/bootstrap/3.3.5/css/bootstrap.min.css' [5:24200] Error in media list. (Invalid token "(". Was expecting one of: <S>, <IDENT>.)
Aug 29, 2015 1:51:10 PM com.gargoylesoftware.htmlunit.DefaultCssErrorHandler error
WARNING: CSS error: 'https://maxcdn.bootstrapcdn.com/bootstrap/3.3.5/css/bootstrap.min.css' [5:25966] Error in media list. (Invalid token "(". Was expecting one of: <S>, <IDENT>.)
Aug 29, 2015 1:51:11 PM com.gargoylesoftware.htmlunit.DefaultCssErrorHandler error
WARNING: CSS error: 'https://maxcdn.bootstrapcdn.com/bootstrap/3.3.5/css/bootstrap.min.css' [5:27732] Error in media list. (Invalid token "(". Was expecting one of: <S>, <IDENT>.)
Aug 29, 2015 1:51:11 PM com.gargoylesoftware.htmlunit.DefaultCssErrorHandler error
WARNING: CSS error: 'https://maxcdn.bootstrapcdn.com/bootstrap/3.3.5/css/bootstrap.min.css' [5:33858] Error in @media rule. (Invalid token "and". Was expecting one of: <S>, <LBRACE>, <COMMA>.)
Aug 29, 2015 1:51:11 PM com.gargoylesoftware.htmlunit.DefaultCssErrorHandler warning
WARNING: CSS warning: 'https://maxcdn.bootstrapcdn.com/bootstrap/3.3.5/css/bootstrap.min.css' [5:33858] Ignoring the whole rule.
Aug 29, 2015 1:51:11 PM com.gargoylesoftware.htmlunit.DefaultCssErrorHandler error
WARNING: CSS error: 'https://maxcdn.bootstrapcdn.com/bootstrap/3.3.5/css/bootstrap.min.css' [5:37280] Error in @media rule. (Invalid token "and". Was expecting one of: <S>, <LBRACE>, <COMMA>.)
Aug 29, 2015 1:51:11 PM com.gargoylesoftware.htmlunit.DefaultCssErrorHandler warning
WARNING: CSS warning: 'https://maxcdn.bootstrapcdn.com/bootstrap/3.3.5/css/bootstrap.min.css' [5:37280] Ignoring the whole rule.
Aug 29, 2015 1:51:11 PM com.gargoylesoftware.htmlunit.DefaultCssErrorHandler error
WARNING: CSS error: 'https://maxcdn.bootstrapcdn.com/bootstrap/3.3.5/css/bootstrap.min.css' [5:43528] Error in media list. (Invalid token "(". Was expecting one of: <S>, <IDENT>.)
Aug 29, 2015 1:51:11 PM com.gargoylesoftware.htmlunit.DefaultCssErrorHandler error
WARNING: CSS error: 'https://maxcdn.bootstrapcdn.com/bootstrap/3.3.5/css/bootstrap.min.css' [5:44748] Error in media list. (Invalid token "(". Was expecting one of: <S>, <IDENT>.)
Aug 29, 2015 1:51:11 PM com.gargoylesoftware.htmlunit.DefaultCssErrorHandler error
WARNING: CSS error: 'https://maxcdn.bootstrapcdn.com/bootstrap/3.3.5/css/bootstrap.min.css' [5:44920] Error in media list. (Invalid token "(". Was expecting one of: <S>, <IDENT>.)
Aug 29, 2015 1:51:11 PM com.gargoylesoftware.htmlunit.DefaultCssErrorHandler error
WARNING: CSS error: 'https://maxcdn.bootstrapcdn.com/bootstrap/3.3.5/css/bootstrap.min.css' [5:45028] Error in media list. (Invalid token "(". Was expecting one of: <S>, <IDENT>.)
Aug 29, 2015 1:51:11 PM com.gargoylesoftware.htmlunit.DefaultCssErrorHandler error
WARNING: CSS error: 'https://maxcdn.bootstrapcdn.com/bootstrap/3.3.5/css/bootstrap.min.css' [5:57895] Error in expression; ':' found after identifier "progid".
Aug 29, 2015 1:51:11 PM com.gargoylesoftware.htmlunit.DefaultCssErrorHandler error
WARNING: CSS error: 'https://maxcdn.bootstrapcdn.com/bootstrap/3.3.5/css/bootstrap.min.css' [5:58557] Error in media list. (Invalid token "(". Was expecting one of: <S>, <IDENT>.)
Aug 29, 2015 1:51:11 PM com.gargoylesoftware.htmlunit.DefaultCssErrorHandler error
WARNING: CSS error: 'https://maxcdn.bootstrapcdn.com/bootstrap/3.3.5/css/bootstrap.min.css' [5:67219] Error in media list. (Invalid token "(". Was expecting one of: <S>, <IDENT>.)
Aug 29, 2015 1:51:11 PM com.gargoylesoftware.htmlunit.DefaultCssErrorHandler error
WARNING: CSS error: 'https://maxcdn.bootstrapcdn.com/bootstrap/3.3.5/css/bootstrap.min.css' [5:67543] Error in media list. (Invalid token "(". Was expecting one of: <S>, <IDENT>.)
Aug 29, 2015 1:51:11 PM com.gargoylesoftware.htmlunit.DefaultCssErrorHandler error
WARNING: CSS error: 'https://maxcdn.bootstrapcdn.com/bootstrap/3.3.5/css/bootstrap.min.css' [5:68246] Error in media list. (Invalid token "(". Was expecting one of: <S>, <IDENT>.)
Aug 29, 2015 1:51:11 PM com.gargoylesoftware.htmlunit.DefaultCssErrorHandler error
WARNING: CSS error: 'https://maxcdn.bootstrapcdn.com/bootstrap/3.3.5/css/bootstrap.min.css' [5:68572] Error in media list. (Invalid token "(". Was expecting one of: <S>, <IDENT>.)
Aug 29, 2015 1:51:11 PM com.gargoylesoftware.htmlunit.DefaultCssErrorHandler error
WARNING: CSS error: 'https://maxcdn.bootstrapcdn.com/bootstrap/3.3.5/css/bootstrap.min.css' [5:69058] Error in media list. (Invalid token "(". Was expecting one of: <S>, <IDENT>.)
Aug 29, 2015 1:51:11 PM com.gargoylesoftware.htmlunit.DefaultCssErrorHandler error
WARNING: CSS error: 'https://maxcdn.bootstrapcdn.com/bootstrap/3.3.5/css/bootstrap.min.css' [5:69110] Error in media list. (Invalid token "(". Was expecting one of: <S>, <IDENT>.)
Aug 29, 2015 1:51:11 PM com.gargoylesoftware.htmlunit.DefaultCssErrorHandler error
WARNING: CSS error: 'https://maxcdn.bootstrapcdn.com/bootstrap/3.3.5/css/bootstrap.min.css' [5:69437] Error in media list. (Invalid token "(". Was expecting one of: <S>, <IDENT>.)
Aug 29, 2015 1:51:11 PM com.gargoylesoftware.htmlunit.DefaultCssErrorHandler error
WARNING: CSS error: 'https://maxcdn.bootstrapcdn.com/bootstrap/3.3.5/css/bootstrap.min.css' [5:69929] Error in media list. (Invalid token "(". Was expecting one of: <S>, <IDENT>.)
Aug 29, 2015 1:51:11 PM com.gargoylesoftware.htmlunit.DefaultCssErrorHandler error
WARNING: CSS error: 'https://maxcdn.bootstrapcdn.com/bootstrap/3.3.5/css/bootstrap.min.css' [5:70237] Error in media list. (Invalid token "(". Was expecting one of: <S>, <IDENT>.)
Aug 29, 2015 1:51:11 PM com.gargoylesoftware.htmlunit.DefaultCssErrorHandler error
WARNING: CSS error: 'https://maxcdn.bootstrapcdn.com/bootstrap/3.3.5/css/bootstrap.min.css' [5:70465] Error in media list. (Invalid token "(". Was expecting one of: <S>, <IDENT>.)
Aug 29, 2015 1:51:11 PM com.gargoylesoftware.htmlunit.DefaultCssErrorHandler error
WARNING: CSS error: 'https://maxcdn.bootstrapcdn.com/bootstrap/3.3.5/css/bootstrap.min.css' [5:70608] Error in media list. (Invalid token "(". Was expecting one of: <S>, <IDENT>.)
Aug 29, 2015 1:51:11 PM com.gargoylesoftware.htmlunit.DefaultCssErrorHandler error
WARNING: CSS error: 'https://maxcdn.bootstrapcdn.com/bootstrap/3.3.5/css/bootstrap.min.css' [5:70981] Error in media list. (Invalid token "(". Was expecting one of: <S>, <IDENT>.)
Aug 29, 2015 1:51:11 PM com.gargoylesoftware.htmlunit.DefaultCssErrorHandler error
WARNING: CSS error: 'https://maxcdn.bootstrapcdn.com/bootstrap/3.3.5/css/bootstrap.min.css' [5:71468] Error in media list. (Invalid token "(". Was expecting one of: <S>, <IDENT>.)
Aug 29, 2015 1:51:11 PM com.gargoylesoftware.htmlunit.DefaultCssErrorHandler error
WARNING: CSS error: 'https://maxcdn.bootstrapcdn.com/bootstrap/3.3.5/css/bootstrap.min.css' [5:71624] Error in media list. (Invalid token "(". Was expecting one of: <S>, <IDENT>.)
Aug 29, 2015 1:51:11 PM com.gargoylesoftware.htmlunit.DefaultCssErrorHandler error
WARNING: CSS error: 'https://maxcdn.bootstrapcdn.com/bootstrap/3.3.5/css/bootstrap.min.css' [5:72091] Error in media list. (Invalid token "(". Was expecting one of: <S>, <IDENT>.)
Aug 29, 2015 1:51:11 PM com.gargoylesoftware.htmlunit.DefaultCssErrorHandler error
WARNING: CSS error: 'https://maxcdn.bootstrapcdn.com/bootstrap/3.3.5/css/bootstrap.min.css' [5:72557] Error in media list. (Invalid token "(". Was expecting one of: <S>, <IDENT>.)
Aug 29, 2015 1:51:11 PM com.gargoylesoftware.htmlunit.DefaultCssErrorHandler error
WARNING: CSS error: 'https://maxcdn.bootstrapcdn.com/bootstrap/3.3.5/css/bootstrap.min.css' [5:73483] Error in media list. (Invalid token "(". Was expecting one of: <S>, <IDENT>.)
Aug 29, 2015 1:51:11 PM com.gargoylesoftware.htmlunit.DefaultCssErrorHandler error
WARNING: CSS error: 'https://maxcdn.bootstrapcdn.com/bootstrap/3.3.5/css/bootstrap.min.css' [5:73604] Error in media list. (Invalid token "(". Was expecting one of: <S>, <IDENT>.)
Aug 29, 2015 1:51:11 PM com.gargoylesoftware.htmlunit.DefaultCssErrorHandler error
WARNING: CSS error: 'https://maxcdn.bootstrapcdn.com/bootstrap/3.3.5/css/bootstrap.min.css' [5:74237] Error in media list. (Invalid token "(". Was expecting one of: <S>, <IDENT>.)
Aug 29, 2015 1:51:11 PM com.gargoylesoftware.htmlunit.DefaultCssErrorHandler error
WARNING: CSS error: 'https://maxcdn.bootstrapcdn.com/bootstrap/3.3.5/css/bootstrap.min.css' [5:74322] Error in media list. (Invalid token "(". Was expecting one of: <S>, <IDENT>.)
Aug 29, 2015 1:51:11 PM com.gargoylesoftware.htmlunit.DefaultCssErrorHandler error
WARNING: CSS error: 'https://maxcdn.bootstrapcdn.com/bootstrap/3.3.5/css/bootstrap.min.css' [5:75681] Error in media list. (Invalid token "(". Was expecting one of: <S>, <IDENT>.)
Aug 29, 2015 1:51:11 PM com.gargoylesoftware.htmlunit.DefaultCssErrorHandler error
WARNING: CSS error: 'https://maxcdn.bootstrapcdn.com/bootstrap/3.3.5/css/bootstrap.min.css' [5:77991] Error in media list. (Invalid token "(". Was expecting one of: <S>, <IDENT>.)
Aug 29, 2015 1:51:11 PM com.gargoylesoftware.htmlunit.DefaultCssErrorHandler error
WARNING: CSS error: 'https://maxcdn.bootstrapcdn.com/bootstrap/3.3.5/css/bootstrap.min.css' [5:83978] Error in @media rule. (Invalid token "and". Was expecting one of: <S>, <LBRACE>, <COMMA>.)
Aug 29, 2015 1:51:11 PM com.gargoylesoftware.htmlunit.DefaultCssErrorHandler warning
WARNING: CSS warning: 'https://maxcdn.bootstrapcdn.com/bootstrap/3.3.5/css/bootstrap.min.css' [5:83978] Ignoring the whole rule.
Aug 29, 2015 1:51:11 PM com.gargoylesoftware.htmlunit.DefaultCssErrorHandler error
WARNING: CSS error: 'https://maxcdn.bootstrapcdn.com/bootstrap/3.3.5/css/bootstrap.min.css' [5:109080] Error in media list. (Invalid token "(". Was expecting one of: <S>, <IDENT>.)
Aug 29, 2015 1:51:11 PM com.gargoylesoftware.htmlunit.DefaultCssErrorHandler error
WARNING: CSS error: 'https://maxcdn.bootstrapcdn.com/bootstrap/3.3.5/css/bootstrap.min.css' [5:109268] Error in media list. (Invalid token "(". Was expecting one of: <S>, <IDENT>.)
Aug 29, 2015 1:51:11 PM com.gargoylesoftware.htmlunit.DefaultCssErrorHandler error
WARNING: CSS error: 'https://maxcdn.bootstrapcdn.com/bootstrap/3.3.5/css/bootstrap.min.css' [5:113562] Error in @media rule. (Invalid token "and". Was expecting one of: <S>, <LBRACE>, <COMMA>.)
Aug 29, 2015 1:51:11 PM com.gargoylesoftware.htmlunit.DefaultCssErrorHandler warning
WARNING: CSS warning: 'https://maxcdn.bootstrapcdn.com/bootstrap/3.3.5/css/bootstrap.min.css' [5:113562] Ignoring the whole rule.
Aug 29, 2015 1:51:11 PM com.gargoylesoftware.htmlunit.DefaultCssErrorHandler error
WARNING: CSS error: 'https://maxcdn.bootstrapcdn.com/bootstrap/3.3.5/css/bootstrap.min.css' [5:115294] Error in expression; ':' found after identifier "progid".
Aug 29, 2015 1:51:11 PM com.gargoylesoftware.htmlunit.DefaultCssErrorHandler error
WARNING: CSS error: 'https://maxcdn.bootstrapcdn.com/bootstrap/3.3.5/css/bootstrap.min.css' [5:115837] Error in expression; ':' found after identifier "progid".
Aug 29, 2015 1:51:11 PM com.gargoylesoftware.htmlunit.DefaultCssErrorHandler error
WARNING: CSS error: 'https://maxcdn.bootstrapcdn.com/bootstrap/3.3.5/css/bootstrap.min.css' [5:117005] Invalid color "#000\9".
Aug 29, 2015 1:51:11 PM com.gargoylesoftware.htmlunit.DefaultCssErrorHandler error
WARNING: CSS error: 'https://maxcdn.bootstrapcdn.com/bootstrap/3.3.5/css/bootstrap.min.css' [5:117402] Error in @media rule. (Invalid token "and". Was expecting one of: <S>, <LBRACE>, <COMMA>.)
Aug 29, 2015 1:51:11 PM com.gargoylesoftware.htmlunit.DefaultCssErrorHandler warning
WARNING: CSS warning: 'https://maxcdn.bootstrapcdn.com/bootstrap/3.3.5/css/bootstrap.min.css' [5:117402] Ignoring the whole rule.
Aug 29, 2015 1:51:11 PM com.gargoylesoftware.htmlunit.DefaultCssErrorHandler error
WARNING: CSS error: 'https://maxcdn.bootstrapcdn.com/bootstrap/3.3.5/css/bootstrap.min.css' [5:119598] Error in media list. (Invalid token "(". Was expecting one of: <S>, <IDENT>.)
Aug 29, 2015 1:51:11 PM com.gargoylesoftware.htmlunit.DefaultCssErrorHandler error
WARNING: CSS error: 'https://maxcdn.bootstrapcdn.com/bootstrap/3.3.5/css/bootstrap.min.css' [5:119800] Error in media list. (Invalid token "(". Was expecting one of: <S>, <IDENT>.)
Aug 29, 2015 1:51:11 PM com.gargoylesoftware.htmlunit.DefaultCssErrorHandler error
WARNING: CSS error: 'https://maxcdn.bootstrapcdn.com/bootstrap/3.3.5/css/bootstrap.min.css' [5:119868] Error in media list. (Invalid token "(". Was expecting one of: <S>, <IDENT>.)
Aug 29, 2015 1:51:11 PM com.gargoylesoftware.htmlunit.DefaultCssErrorHandler error
WARNING: CSS error: 'https://maxcdn.bootstrapcdn.com/bootstrap/3.3.5/css/bootstrap.min.css' [5:119938] Error in media list. (Invalid token "(". Was expecting one of: <S>, <IDENT>.)
Aug 29, 2015 1:51:11 PM com.gargoylesoftware.htmlunit.DefaultCssErrorHandler error
WARNING: CSS error: 'https://maxcdn.bootstrapcdn.com/bootstrap/3.3.5/css/bootstrap.min.css' [5:120020] Error in media list. (Invalid token "(". Was expecting one of: <S>, <IDENT>.)
Aug 29, 2015 1:51:11 PM com.gargoylesoftware.htmlunit.DefaultCssErrorHandler error
WARNING: CSS error: 'https://maxcdn.bootstrapcdn.com/bootstrap/3.3.5/css/bootstrap.min.css' [5:120244] Error in media list. (Invalid token "(". Was expecting one of: <S>, <IDENT>.)
Aug 29, 2015 1:51:11 PM com.gargoylesoftware.htmlunit.DefaultCssErrorHandler error
WARNING: CSS error: 'https://maxcdn.bootstrapcdn.com/bootstrap/3.3.5/css/bootstrap.min.css' [5:120334] Error in media list. (Invalid token "(". Was expecting one of: <S>, <IDENT>.)
Aug 29, 2015 1:51:11 PM com.gargoylesoftware.htmlunit.DefaultCssErrorHandler error
WARNING: CSS error: 'https://maxcdn.bootstrapcdn.com/bootstrap/3.3.5/css/bootstrap.min.css' [5:120426] Error in media list. (Invalid token "(". Was expecting one of: <S>, <IDENT>.)
Aug 29, 2015 1:51:11 PM com.gargoylesoftware.htmlunit.DefaultCssErrorHandler error
WARNING: CSS error: 'https://maxcdn.bootstrapcdn.com/bootstrap/3.3.5/css/bootstrap.min.css' [5:120530] Error in media list. (Invalid token "(". Was expecting one of: <S>, <IDENT>.)
Aug 29, 2015 1:51:11 PM com.gargoylesoftware.htmlunit.DefaultCssErrorHandler error
WARNING: CSS error: 'https://maxcdn.bootstrapcdn.com/bootstrap/3.3.5/css/bootstrap.min.css' [5:120755] Error in media list. (Invalid token "(". Was expecting one of: <S>, <IDENT>.)
Aug 29, 2015 1:51:11 PM com.gargoylesoftware.htmlunit.DefaultCssErrorHandler error
WARNING: CSS error: 'https://maxcdn.bootstrapcdn.com/bootstrap/3.3.5/css/bootstrap.min.css' [5:120846] Error in media list. (Invalid token "(". Was expecting one of: <S>, <IDENT>.)
Aug 29, 2015 1:51:11 PM com.gargoylesoftware.htmlunit.DefaultCssErrorHandler error
WARNING: CSS error: 'https://maxcdn.bootstrapcdn.com/bootstrap/3.3.5/css/bootstrap.min.css' [5:120939] Error in media list. (Invalid token "(". Was expecting one of: <S>, <IDENT>.)
Aug 29, 2015 1:51:11 PM com.gargoylesoftware.htmlunit.DefaultCssErrorHandler error
WARNING: CSS error: 'https://maxcdn.bootstrapcdn.com/bootstrap/3.3.5/css/bootstrap.min.css' [5:121044] Error in media list. (Invalid token "(". Was expecting one of: <S>, <IDENT>.)
Aug 29, 2015 1:51:11 PM com.gargoylesoftware.htmlunit.DefaultCssErrorHandler error
WARNING: CSS error: 'https://maxcdn.bootstrapcdn.com/bootstrap/3.3.5/css/bootstrap.min.css' [5:121247] Error in media list. (Invalid token "(". Was expecting one of: <S>, <IDENT>.)
Aug 29, 2015 1:51:11 PM com.gargoylesoftware.htmlunit.DefaultCssErrorHandler error
WARNING: CSS error: 'https://maxcdn.bootstrapcdn.com/bootstrap/3.3.5/css/bootstrap.min.css' [5:121316] Error in media list. (Invalid token "(". Was expecting one of: <S>, <IDENT>.)
Aug 29, 2015 1:51:11 PM com.gargoylesoftware.htmlunit.DefaultCssErrorHandler error
WARNING: CSS error: 'https://maxcdn.bootstrapcdn.com/bootstrap/3.3.5/css/bootstrap.min.css' [5:121387] Error in media list. (Invalid token "(". Was expecting one of: <S>, <IDENT>.)
Aug 29, 2015 1:51:11 PM com.gargoylesoftware.htmlunit.DefaultCssErrorHandler error
WARNING: CSS error: 'https://maxcdn.bootstrapcdn.com/bootstrap/3.3.5/css/bootstrap.min.css' [5:121470] Error in media list. (Invalid token "(". Was expecting one of: <S>, <IDENT>.)
Aug 29, 2015 1:51:11 PM com.gargoylesoftware.htmlunit.DefaultCssErrorHandler error
WARNING: CSS error: 'https://maxcdn.bootstrapcdn.com/bootstrap/3.3.5/css/bootstrap.min.css' [5:121530] Error in media list. (Invalid token "(". Was expecting one of: <S>, <IDENT>.)
Aug 29, 2015 1:51:11 PM com.gargoylesoftware.htmlunit.DefaultCssErrorHandler error
WARNING: CSS error: 'https://maxcdn.bootstrapcdn.com/bootstrap/3.3.5/css/bootstrap.min.css' [5:121612] Error in media list. (Invalid token "(". Was expecting one of: <S>, <IDENT>.)
Aug 29, 2015 1:51:11 PM com.gargoylesoftware.htmlunit.DefaultCssErrorHandler error
WARNING: CSS error: 'https://maxcdn.bootstrapcdn.com/bootstrap/3.3.5/css/bootstrap.min.css' [5:121695] Error in media list. (Invalid token "(". Was expecting one of: <S>, <IDENT>.)
Aug 29, 2015 1:51:12 PM com.gargoylesoftware.htmlunit.DefaultCssErrorHandler error
WARNING: CSS error: 'https://maxcdn.bootstrapcdn.com/bootstrap/3.3.5/css/bootstrap.min.css' [5:17606] Error in media list. (Invalid token "(". Was expecting one of: <S>, <IDENT>.)
Aug 29, 2015 1:51:12 PM com.gargoylesoftware.htmlunit.DefaultCssErrorHandler error
WARNING: CSS error: 'https://maxcdn.bootstrapcdn.com/bootstrap/3.3.5/css/bootstrap.min.css' [5:19373] Error in media list. (Invalid token "(". Was expecting one of: <S>, <IDENT>.)
Aug 29, 2015 1:51:12 PM com.gargoylesoftware.htmlunit.DefaultCssErrorHandler error
WARNING: CSS error: 'https://maxcdn.bootstrapcdn.com/bootstrap/3.3.5/css/bootstrap.min.css' [5:21618] Error in media list. (Invalid token "(". Was expecting one of: <S>, <IDENT>.)
Aug 29, 2015 1:51:12 PM com.gargoylesoftware.htmlunit.DefaultCssErrorHandler error
WARNING: CSS error: 'https://maxcdn.bootstrapcdn.com/bootstrap/3.3.5/css/bootstrap.min.css' [5:21667] Error in media list. (Invalid token "(". Was expecting one of: <S>, <IDENT>.)
Aug 29, 2015 1:51:12 PM com.gargoylesoftware.htmlunit.DefaultCssErrorHandler error
WARNING: CSS error: 'https://maxcdn.bootstrapcdn.com/bootstrap/3.3.5/css/bootstrap.min.css' [5:21716] Error in media list. (Invalid token "(". Was expecting one of: <S>, <IDENT>.)
Aug 29, 2015 1:51:12 PM com.gargoylesoftware.htmlunit.DefaultCssErrorHandler error
WARNING: CSS error: 'https://maxcdn.bootstrapcdn.com/bootstrap/3.3.5/css/bootstrap.min.css' [5:24200] Error in media list. (Invalid token "(". Was expecting one of: <S>, <IDENT>.)
Aug 29, 2015 1:51:12 PM com.gargoylesoftware.htmlunit.DefaultCssErrorHandler error
WARNING: CSS error: 'https://maxcdn.bootstrapcdn.com/bootstrap/3.3.5/css/bootstrap.min.css' [5:25966] Error in media list. (Invalid token "(". Was expecting one of: <S>, <IDENT>.)
Aug 29, 2015 1:51:12 PM com.gargoylesoftware.htmlunit.DefaultCssErrorHandler error
WARNING: CSS error: 'https://maxcdn.bootstrapcdn.com/bootstrap/3.3.5/css/bootstrap.min.css' [5:27732] Error in media list. (Invalid token "(". Was expecting one of: <S>, <IDENT>.)
Aug 29, 2015 1:51:12 PM com.gargoylesoftware.htmlunit.DefaultCssErrorHandler error
WARNING: CSS error: 'https://maxcdn.bootstrapcdn.com/bootstrap/3.3.5/css/bootstrap.min.css' [5:33858] Error in @media rule. (Invalid token "and". Was expecting one of: <S>, <LBRACE>, <COMMA>.)
Aug 29, 2015 1:51:12 PM com.gargoylesoftware.htmlunit.DefaultCssErrorHandler warning
WARNING: CSS warning: 'https://maxcdn.bootstrapcdn.com/bootstrap/3.3.5/css/bootstrap.min.css' [5:33858] Ignoring the whole rule.
Aug 29, 2015 1:51:12 PM com.gargoylesoftware.htmlunit.DefaultCssErrorHandler error
WARNING: CSS error: 'https://maxcdn.bootstrapcdn.com/bootstrap/3.3.5/css/bootstrap.min.css' [5:37280] Error in @media rule. (Invalid token "and". Was expecting one of: <S>, <LBRACE>, <COMMA>.)
Aug 29, 2015 1:51:12 PM com.gargoylesoftware.htmlunit.DefaultCssErrorHandler warning
WARNING: CSS warning: 'https://maxcdn.bootstrapcdn.com/bootstrap/3.3.5/css/bootstrap.min.css' [5:37280] Ignoring the whole rule.
Aug 29, 2015 1:51:12 PM com.gargoylesoftware.htmlunit.DefaultCssErrorHandler error
WARNING: CSS error: 'https://maxcdn.bootstrapcdn.com/bootstrap/3.3.5/css/bootstrap.min.css' [5:43528] Error in media list. (Invalid token "(". Was expecting one of: <S>, <IDENT>.)
Aug 29, 2015 1:51:12 PM com.gargoylesoftware.htmlunit.DefaultCssErrorHandler error
WARNING: CSS error: 'https://maxcdn.bootstrapcdn.com/bootstrap/3.3.5/css/bootstrap.min.css' [5:44748] Error in media list. (Invalid token "(". Was expecting one of: <S>, <IDENT>.)
Aug 29, 2015 1:51:12 PM com.gargoylesoftware.htmlunit.DefaultCssErrorHandler error
WARNING: CSS error: 'https://maxcdn.bootstrapcdn.com/bootstrap/3.3.5/css/bootstrap.min.css' [5:44920] Error in media list. (Invalid token "(". Was expecting one of: <S>, <IDENT>.)
Aug 29, 2015 1:51:12 PM com.gargoylesoftware.htmlunit.DefaultCssErrorHandler error
WARNING: CSS error: 'https://maxcdn.bootstrapcdn.com/bootstrap/3.3.5/css/bootstrap.min.css' [5:45028] Error in media list. (Invalid token "(". Was expecting one of: <S>, <IDENT>.)
Aug 29, 2015 1:51:12 PM com.gargoylesoftware.htmlunit.DefaultCssErrorHandler error
WARNING: CSS error: 'https://maxcdn.bootstrapcdn.com/bootstrap/3.3.5/css/bootstrap.min.css' [5:57895] Error in expression; ':' found after identifier "progid".
Aug 29, 2015 1:51:12 PM com.gargoylesoftware.htmlunit.DefaultCssErrorHandler error
WARNING: CSS error: 'https://maxcdn.bootstrapcdn.com/bootstrap/3.3.5/css/bootstrap.min.css' [5:58557] Error in media list. (Invalid token "(". Was expecting one of: <S>, <IDENT>.)
Aug 29, 2015 1:51:12 PM com.gargoylesoftware.htmlunit.DefaultCssErrorHandler error
WARNING: CSS error: 'https://maxcdn.bootstrapcdn.com/bootstrap/3.3.5/css/bootstrap.min.css' [5:67219] Error in media list. (Invalid token "(". Was expecting one of: <S>, <IDENT>.)
Aug 29, 2015 1:51:12 PM com.gargoylesoftware.htmlunit.DefaultCssErrorHandler error
WARNING: CSS error: 'https://maxcdn.bootstrapcdn.com/bootstrap/3.3.5/css/bootstrap.min.css' [5:67543] Error in media list. (Invalid token "(". Was expecting one of: <S>, <IDENT>.)
Aug 29, 2015 1:51:12 PM com.gargoylesoftware.htmlunit.DefaultCssErrorHandler error
WARNING: CSS error: 'https://maxcdn.bootstrapcdn.com/bootstrap/3.3.5/css/bootstrap.min.css' [5:68246] Error in media list. (Invalid token "(". Was expecting one of: <S>, <IDENT>.)
Aug 29, 2015 1:51:12 PM com.gargoylesoftware.htmlunit.DefaultCssErrorHandler error
WARNING: CSS error: 'https://maxcdn.bootstrapcdn.com/bootstrap/3.3.5/css/bootstrap.min.css' [5:68572] Error in media list. (Invalid token "(". Was expecting one of: <S>, <IDENT>.)
Aug 29, 2015 1:51:12 PM com.gargoylesoftware.htmlunit.DefaultCssErrorHandler error
WARNING: CSS error: 'https://maxcdn.bootstrapcdn.com/bootstrap/3.3.5/css/bootstrap.min.css' [5:69058] Error in media list. (Invalid token "(". Was expecting one of: <S>, <IDENT>.)
Aug 29, 2015 1:51:12 PM com.gargoylesoftware.htmlunit.DefaultCssErrorHandler error
WARNING: CSS error: 'https://maxcdn.bootstrapcdn.com/bootstrap/3.3.5/css/bootstrap.min.css' [5:69110] Error in media list. (Invalid token "(". Was expecting one of: <S>, <IDENT>.)
Aug 29, 2015 1:51:12 PM com.gargoylesoftware.htmlunit.DefaultCssErrorHandler error
WARNING: CSS error: 'https://maxcdn.bootstrapcdn.com/bootstrap/3.3.5/css/bootstrap.min.css' [5:69437] Error in media list. (Invalid token "(". Was expecting one of: <S>, <IDENT>.)
Aug 29, 2015 1:51:12 PM com.gargoylesoftware.htmlunit.DefaultCssErrorHandler error
WARNING: CSS error: 'https://maxcdn.bootstrapcdn.com/bootstrap/3.3.5/css/bootstrap.min.css' [5:69929] Error in media list. (Invalid token "(". Was expecting one of: <S>, <IDENT>.)
Aug 29, 2015 1:51:12 PM com.gargoylesoftware.htmlunit.DefaultCssErrorHandler error
WARNING: CSS error: 'https://maxcdn.bootstrapcdn.com/bootstrap/3.3.5/css/bootstrap.min.css' [5:70237] Error in media list. (Invalid token "(". Was expecting one of: <S>, <IDENT>.)
Aug 29, 2015 1:51:12 PM com.gargoylesoftware.htmlunit.DefaultCssErrorHandler error
WARNING: CSS error: 'https://maxcdn.bootstrapcdn.com/bootstrap/3.3.5/css/bootstrap.min.css' [5:70465] Error in media list. (Invalid token "(". Was expecting one of: <S>, <IDENT>.)
Aug 29, 2015 1:51:12 PM com.gargoylesoftware.htmlunit.DefaultCssErrorHandler error
WARNING: CSS error: 'https://maxcdn.bootstrapcdn.com/bootstrap/3.3.5/css/bootstrap.min.css' [5:70608] Error in media list. (Invalid token "(". Was expecting one of: <S>, <IDENT>.)
Aug 29, 2015 1:51:12 PM com.gargoylesoftware.htmlunit.DefaultCssErrorHandler error
WARNING: CSS error: 'https://maxcdn.bootstrapcdn.com/bootstrap/3.3.5/css/bootstrap.min.css' [5:70981] Error in media list. (Invalid token "(". Was expecting one of: <S>, <IDENT>.)
Aug 29, 2015 1:51:12 PM com.gargoylesoftware.htmlunit.DefaultCssErrorHandler error
WARNING: CSS error: 'https://maxcdn.bootstrapcdn.com/bootstrap/3.3.5/css/bootstrap.min.css' [5:71468] Error in media list. (Invalid token "(". Was expecting one of: <S>, <IDENT>.)
Aug 29, 2015 1:51:12 PM com.gargoylesoftware.htmlunit.DefaultCssErrorHandler error
WARNING: CSS error: 'https://maxcdn.bootstrapcdn.com/bootstrap/3.3.5/css/bootstrap.min.css' [5:71624] Error in media list. (Invalid token "(". Was expecting one of: <S>, <IDENT>.)
Aug 29, 2015 1:51:12 PM com.gargoylesoftware.htmlunit.DefaultCssErrorHandler error
WARNING: CSS error: 'https://maxcdn.bootstrapcdn.com/bootstrap/3.3.5/css/bootstrap.min.css' [5:72091] Error in media list. (Invalid token "(". Was expecting one of: <S>, <IDENT>.)
Aug 29, 2015 1:51:12 PM com.gargoylesoftware.htmlunit.DefaultCssErrorHandler error
WARNING: CSS error: 'https://maxcdn.bootstrapcdn.com/bootstrap/3.3.5/css/bootstrap.min.css' [5:72557] Error in media list. (Invalid token "(". Was expecting one of: <S>, <IDENT>.)
Aug 29, 2015 1:51:12 PM com.gargoylesoftware.htmlunit.DefaultCssErrorHandler error
WARNING: CSS error: 'https://maxcdn.bootstrapcdn.com/bootstrap/3.3.5/css/bootstrap.min.css' [5:73483] Error in media list. (Invalid token "(". Was expecting one of: <S>, <IDENT>.)
Aug 29, 2015 1:51:12 PM com.gargoylesoftware.htmlunit.DefaultCssErrorHandler error
WARNING: CSS error: 'https://maxcdn.bootstrapcdn.com/bootstrap/3.3.5/css/bootstrap.min.css' [5:73604] Error in media list. (Invalid token "(". Was expecting one of: <S>, <IDENT>.)
Aug 29, 2015 1:51:12 PM com.gargoylesoftware.htmlunit.DefaultCssErrorHandler error
WARNING: CSS error: 'https://maxcdn.bootstrapcdn.com/bootstrap/3.3.5/css/bootstrap.min.css' [5:74237] Error in media list. (Invalid token "(". Was expecting one of: <S>, <IDENT>.)
Aug 29, 2015 1:51:12 PM com.gargoylesoftware.htmlunit.DefaultCssErrorHandler error
WARNING: CSS error: 'https://maxcdn.bootstrapcdn.com/bootstrap/3.3.5/css/bootstrap.min.css' [5:74322] Error in media list. (Invalid token "(". Was expecting one of: <S>, <IDENT>.)
Aug 29, 2015 1:51:12 PM com.gargoylesoftware.htmlunit.DefaultCssErrorHandler error
WARNING: CSS error: 'https://maxcdn.bootstrapcdn.com/bootstrap/3.3.5/css/bootstrap.min.css' [5:75681] Error in media list. (Invalid token "(". Was expecting one of: <S>, <IDENT>.)
Aug 29, 2015 1:51:12 PM com.gargoylesoftware.htmlunit.DefaultCssErrorHandler error
WARNING: CSS error: 'https://maxcdn.bootstrapcdn.com/bootstrap/3.3.5/css/bootstrap.min.css' [5:77991] Error in media list. (Invalid token "(". Was expecting one of: <S>, <IDENT>.)
Aug 29, 2015 1:51:12 PM com.gargoylesoftware.htmlunit.DefaultCssErrorHandler error
WARNING: CSS error: 'https://maxcdn.bootstrapcdn.com/bootstrap/3.3.5/css/bootstrap.min.css' [5:83978] Error in @media rule. (Invalid token "and". Was expecting one of: <S>, <LBRACE>, <COMMA>.)
Aug 29, 2015 1:51:12 PM com.gargoylesoftware.htmlunit.DefaultCssErrorHandler warning
WARNING: CSS warning: 'https://maxcdn.bootstrapcdn.com/bootstrap/3.3.5/css/bootstrap.min.css' [5:83978] Ignoring the whole rule.
Aug 29, 2015 1:51:12 PM com.gargoylesoftware.htmlunit.DefaultCssErrorHandler error
WARNING: CSS error: 'https://maxcdn.bootstrapcdn.com/bootstrap/3.3.5/css/bootstrap.min.css' [5:109080] Error in media list. (Invalid token "(". Was expecting one of: <S>, <IDENT>.)
Aug 29, 2015 1:51:12 PM com.gargoylesoftware.htmlunit.DefaultCssErrorHandler error
WARNING: CSS error: 'https://maxcdn.bootstrapcdn.com/bootstrap/3.3.5/css/bootstrap.min.css' [5:109268] Error in media list. (Invalid token "(". Was expecting one of: <S>, <IDENT>.)
Aug 29, 2015 1:51:12 PM com.gargoylesoftware.htmlunit.DefaultCssErrorHandler error
WARNING: CSS error: 'https://maxcdn.bootstrapcdn.com/bootstrap/3.3.5/css/bootstrap.min.css' [5:113562] Error in @media rule. (Invalid token "and". Was expecting one of: <S>, <LBRACE>, <COMMA>.)
Aug 29, 2015 1:51:12 PM com.gargoylesoftware.htmlunit.DefaultCssErrorHandler warning
WARNING: CSS warning: 'https://maxcdn.bootstrapcdn.com/bootstrap/3.3.5/css/bootstrap.min.css' [5:113562] Ignoring the whole rule.
Aug 29, 2015 1:51:12 PM com.gargoylesoftware.htmlunit.DefaultCssErrorHandler error
WARNING: CSS error: 'https://maxcdn.bootstrapcdn.com/bootstrap/3.3.5/css/bootstrap.min.css' [5:115294] Error in expression; ':' found after identifier "progid".
Aug 29, 2015 1:51:12 PM com.gargoylesoftware.htmlunit.DefaultCssErrorHandler error
WARNING: CSS error: 'https://maxcdn.bootstrapcdn.com/bootstrap/3.3.5/css/bootstrap.min.css' [5:115837] Error in expression; ':' found after identifier "progid".
Aug 29, 2015 1:51:12 PM com.gargoylesoftware.htmlunit.DefaultCssErrorHandler error
WARNING: CSS error: 'https://maxcdn.bootstrapcdn.com/bootstrap/3.3.5/css/bootstrap.min.css' [5:117005] Invalid color "#000\9".
Aug 29, 2015 1:51:12 PM com.gargoylesoftware.htmlunit.DefaultCssErrorHandler error
WARNING: CSS error: 'https://maxcdn.bootstrapcdn.com/bootstrap/3.3.5/css/bootstrap.min.css' [5:117402] Error in @media rule. (Invalid token "and". Was expecting one of: <S>, <LBRACE>, <COMMA>.)
Aug 29, 2015 1:51:12 PM com.gargoylesoftware.htmlunit.DefaultCssErrorHandler warning
WARNING: CSS warning: 'https://maxcdn.bootstrapcdn.com/bootstrap/3.3.5/css/bootstrap.min.css' [5:117402] Ignoring the whole rule.
Aug 29, 2015 1:51:12 PM com.gargoylesoftware.htmlunit.DefaultCssErrorHandler error
WARNING: CSS error: 'https://maxcdn.bootstrapcdn.com/bootstrap/3.3.5/css/bootstrap.min.css' [5:119598] Error in media list. (Invalid token "(". Was expecting one of: <S>, <IDENT>.)
Aug 29, 2015 1:51:12 PM com.gargoylesoftware.htmlunit.DefaultCssErrorHandler error
WARNING: CSS error: 'https://maxcdn.bootstrapcdn.com/bootstrap/3.3.5/css/bootstrap.min.css' [5:119800] Error in media list. (Invalid token "(". Was expecting one of: <S>, <IDENT>.)
Aug 29, 2015 1:51:12 PM com.gargoylesoftware.htmlunit.DefaultCssErrorHandler error
WARNING: CSS error: 'https://maxcdn.bootstrapcdn.com/bootstrap/3.3.5/css/bootstrap.min.css' [5:119868] Error in media list. (Invalid token "(". Was expecting one of: <S>, <IDENT>.)
Aug 29, 2015 1:51:12 PM com.gargoylesoftware.htmlunit.DefaultCssErrorHandler error
WARNING: CSS error: 'https://maxcdn.bootstrapcdn.com/bootstrap/3.3.5/css/bootstrap.min.css' [5:119938] Error in media list. (Invalid token "(". Was expecting one of: <S>, <IDENT>.)
Aug 29, 2015 1:51:12 PM com.gargoylesoftware.htmlunit.DefaultCssErrorHandler error
WARNING: CSS error: 'https://maxcdn.bootstrapcdn.com/bootstrap/3.3.5/css/bootstrap.min.css' [5:120020] Error in media list. (Invalid token "(". Was expecting one of: <S>, <IDENT>.)
Aug 29, 2015 1:51:12 PM com.gargoylesoftware.htmlunit.DefaultCssErrorHandler error
WARNING: CSS error: 'https://maxcdn.bootstrapcdn.com/bootstrap/3.3.5/css/bootstrap.min.css' [5:120244] Error in media list. (Invalid token "(". Was expecting one of: <S>, <IDENT>.)
Aug 29, 2015 1:51:12 PM com.gargoylesoftware.htmlunit.DefaultCssErrorHandler error
WARNING: CSS error: 'https://maxcdn.bootstrapcdn.com/bootstrap/3.3.5/css/bootstrap.min.css' [5:120334] Error in media list. (Invalid token "(". Was expecting one of: <S>, <IDENT>.)
Aug 29, 2015 1:51:12 PM com.gargoylesoftware.htmlunit.DefaultCssErrorHandler error
WARNING: CSS error: 'https://maxcdn.bootstrapcdn.com/bootstrap/3.3.5/css/bootstrap.min.css' [5:120426] Error in media list. (Invalid token "(". Was expecting one of: <S>, <IDENT>.)
Aug 29, 2015 1:51:12 PM com.gargoylesoftware.htmlunit.DefaultCssErrorHandler error
WARNING: CSS error: 'https://maxcdn.bootstrapcdn.com/bootstrap/3.3.5/css/bootstrap.min.css' [5:120530] Error in media list. (Invalid token "(". Was expecting one of: <S>, <IDENT>.)
Aug 29, 2015 1:51:12 PM com.gargoylesoftware.htmlunit.DefaultCssErrorHandler error
WARNING: CSS error: 'https://maxcdn.bootstrapcdn.com/bootstrap/3.3.5/css/bootstrap.min.css' [5:120755] Error in media list. (Invalid token "(". Was expecting one of: <S>, <IDENT>.)
Aug 29, 2015 1:51:12 PM com.gargoylesoftware.htmlunit.DefaultCssErrorHandler error
WARNING: CSS error: 'https://maxcdn.bootstrapcdn.com/bootstrap/3.3.5/css/bootstrap.min.css' [5:120846] Error in media list. (Invalid token "(". Was expecting one of: <S>, <IDENT>.)
Aug 29, 2015 1:51:12 PM com.gargoylesoftware.htmlunit.DefaultCssErrorHandler error
WARNING: CSS error: 'https://maxcdn.bootstrapcdn.com/bootstrap/3.3.5/css/bootstrap.min.css' [5:120939] Error in media list. (Invalid token "(". Was expecting one of: <S>, <IDENT>.)
Aug 29, 2015 1:51:12 PM com.gargoylesoftware.htmlunit.DefaultCssErrorHandler error
WARNING: CSS error: 'https://maxcdn.bootstrapcdn.com/bootstrap/3.3.5/css/bootstrap.min.css' [5:121044] Error in media list. (Invalid token "(". Was expecting one of: <S>, <IDENT>.)
Aug 29, 2015 1:51:12 PM com.gargoylesoftware.htmlunit.DefaultCssErrorHandler error
WARNING: CSS error: 'https://maxcdn.bootstrapcdn.com/bootstrap/3.3.5/css/bootstrap.min.css' [5:121247] Error in media list. (Invalid token "(". Was expecting one of: <S>, <IDENT>.)
Aug 29, 2015 1:51:12 PM com.gargoylesoftware.htmlunit.DefaultCssErrorHandler error
WARNING: CSS error: 'https://maxcdn.bootstrapcdn.com/bootstrap/3.3.5/css/bootstrap.min.css' [5:121316] Error in media list. (Invalid token "(". Was expecting one of: <S>, <IDENT>.)
Aug 29, 2015 1:51:12 PM com.gargoylesoftware.htmlunit.DefaultCssErrorHandler error
WARNING: CSS error: 'https://maxcdn.bootstrapcdn.com/bootstrap/3.3.5/css/bootstrap.min.css' [5:121387] Error in media list. (Invalid token "(". Was expecting one of: <S>, <IDENT>.)
Aug 29, 2015 1:51:12 PM com.gargoylesoftware.htmlunit.DefaultCssErrorHandler error
WARNING: CSS error: 'https://maxcdn.bootstrapcdn.com/bootstrap/3.3.5/css/bootstrap.min.css' [5:121470] Error in media list. (Invalid token "(". Was expecting one of: <S>, <IDENT>.)
Aug 29, 2015 1:51:12 PM com.gargoylesoftware.htmlunit.DefaultCssErrorHandler error
WARNING: CSS error: 'https://maxcdn.bootstrapcdn.com/bootstrap/3.3.5/css/bootstrap.min.css' [5:121530] Error in media list. (Invalid token "(". Was expecting one of: <S>, <IDENT>.)
Aug 29, 2015 1:51:12 PM com.gargoylesoftware.htmlunit.DefaultCssErrorHandler error
WARNING: CSS error: 'https://maxcdn.bootstrapcdn.com/bootstrap/3.3.5/css/bootstrap.min.css' [5:121612] Error in media list. (Invalid token "(". Was expecting one of: <S>, <IDENT>.)
Aug 29, 2015 1:51:12 PM com.gargoylesoftware.htmlunit.DefaultCssErrorHandler error
WARNING: CSS error: 'https://maxcdn.bootstrapcdn.com/bootstrap/3.3.5/css/bootstrap.min.css' [5:121695] Error in media list. (Invalid token "(". Was expecting one of: <S>, <IDENT>.)
Aug 29, 2015 1:51:13 PM com.gargoylesoftware.htmlunit.DefaultCssErrorHandler error
WARNING: CSS error: 'https://maxcdn.bootstrapcdn.com/bootstrap/3.3.5/css/bootstrap.min.css' [5:17606] Error in media list. (Invalid token "(". Was expecting one of: <S>, <IDENT>.)
Aug 29, 2015 1:51:13 PM com.gargoylesoftware.htmlunit.DefaultCssErrorHandler error
WARNING: CSS error: 'https://maxcdn.bootstrapcdn.com/bootstrap/3.3.5/css/bootstrap.min.css' [5:19373] Error in media list. (Invalid token "(". Was expecting one of: <S>, <IDENT>.)
Aug 29, 2015 1:51:13 PM com.gargoylesoftware.htmlunit.DefaultCssErrorHandler error
WARNING: CSS error: 'https://maxcdn.bootstrapcdn.com/bootstrap/3.3.5/css/bootstrap.min.css' [5:21618] Error in media list. (Invalid token "(". Was expecting one of: <S>, <IDENT>.)
Aug 29, 2015 1:51:13 PM com.gargoylesoftware.htmlunit.DefaultCssErrorHandler error
WARNING: CSS error: 'https://maxcdn.bootstrapcdn.com/bootstrap/3.3.5/css/bootstrap.min.css' [5:21667] Error in media list. (Invalid token "(". Was expecting one of: <S>, <IDENT>.)
Aug 29, 2015 1:51:13 PM com.gargoylesoftware.htmlunit.DefaultCssErrorHandler error
WARNING: CSS error: 'https://maxcdn.bootstrapcdn.com/bootstrap/3.3.5/css/bootstrap.min.css' [5:21716] Error in media list. (Invalid token "(". Was expecting one of: <S>, <IDENT>.)
Aug 29, 2015 1:51:13 PM com.gargoylesoftware.htmlunit.DefaultCssErrorHandler error
WARNING: CSS error: 'https://maxcdn.bootstrapcdn.com/bootstrap/3.3.5/css/bootstrap.min.css' [5:24200] Error in media list. (Invalid token "(". Was expecting one of: <S>, <IDENT>.)
Aug 29, 2015 1:51:13 PM com.gargoylesoftware.htmlunit.DefaultCssErrorHandler error
WARNING: CSS error: 'https://maxcdn.bootstrapcdn.com/bootstrap/3.3.5/css/bootstrap.min.css' [5:25966] Error in media list. (Invalid token "(". Was expecting one of: <S>, <IDENT>.)
Aug 29, 2015 1:51:13 PM com.gargoylesoftware.htmlunit.DefaultCssErrorHandler error
WARNING: CSS error: 'https://maxcdn.bootstrapcdn.com/bootstrap/3.3.5/css/bootstrap.min.css' [5:27732] Error in media list. (Invalid token "(". Was expecting one of: <S>, <IDENT>.)
Aug 29, 2015 1:51:13 PM com.gargoylesoftware.htmlunit.DefaultCssErrorHandler error
WARNING: CSS error: 'https://maxcdn.bootstrapcdn.com/bootstrap/3.3.5/css/bootstrap.min.css' [5:33858] Error in @media rule. (Invalid token "and". Was expecting one of: <S>, <LBRACE>, <COMMA>.)
Aug 29, 2015 1:51:13 PM com.gargoylesoftware.htmlunit.DefaultCssErrorHandler warning
WARNING: CSS warning: 'https://maxcdn.bootstrapcdn.com/bootstrap/3.3.5/css/bootstrap.min.css' [5:33858] Ignoring the whole rule.
Aug 29, 2015 1:51:13 PM com.gargoylesoftware.htmlunit.DefaultCssErrorHandler error
WARNING: CSS error: 'https://maxcdn.bootstrapcdn.com/bootstrap/3.3.5/css/bootstrap.min.css' [5:37280] Error in @media rule. (Invalid token "and". Was expecting one of: <S>, <LBRACE>, <COMMA>.)
Aug 29, 2015 1:51:13 PM com.gargoylesoftware.htmlunit.DefaultCssErrorHandler warning
WARNING: CSS warning: 'https://maxcdn.bootstrapcdn.com/bootstrap/3.3.5/css/bootstrap.min.css' [5:37280] Ignoring the whole rule.
Aug 29, 2015 1:51:13 PM com.gargoylesoftware.htmlunit.DefaultCssErrorHandler error
WARNING: CSS error: 'https://maxcdn.bootstrapcdn.com/bootstrap/3.3.5/css/bootstrap.min.css' [5:43528] Error in media list. (Invalid token "(". Was expecting one of: <S>, <IDENT>.)
Aug 29, 2015 1:51:13 PM com.gargoylesoftware.htmlunit.DefaultCssErrorHandler error
WARNING: CSS error: 'https://maxcdn.bootstrapcdn.com/bootstrap/3.3.5/css/bootstrap.min.css' [5:44748] Error in media list. (Invalid token "(". Was expecting one of: <S>, <IDENT>.)
Aug 29, 2015 1:51:13 PM com.gargoylesoftware.htmlunit.DefaultCssErrorHandler error
WARNING: CSS error: 'https://maxcdn.bootstrapcdn.com/bootstrap/3.3.5/css/bootstrap.min.css' [5:44920] Error in media list. (Invalid token "(". Was expecting one of: <S>, <IDENT>.)
Aug 29, 2015 1:51:13 PM com.gargoylesoftware.htmlunit.DefaultCssErrorHandler error
WARNING: CSS error: 'https://maxcdn.bootstrapcdn.com/bootstrap/3.3.5/css/bootstrap.min.css' [5:45028] Error in media list. (Invalid token "(". Was expecting one of: <S>, <IDENT>.)
Aug 29, 2015 1:51:13 PM com.gargoylesoftware.htmlunit.DefaultCssErrorHandler error
WARNING: CSS error: 'https://maxcdn.bootstrapcdn.com/bootstrap/3.3.5/css/bootstrap.min.css' [5:57895] Error in expression; ':' found after identifier "progid".
Aug 29, 2015 1:51:13 PM com.gargoylesoftware.htmlunit.DefaultCssErrorHandler error
WARNING: CSS error: 'https://maxcdn.bootstrapcdn.com/bootstrap/3.3.5/css/bootstrap.min.css' [5:58557] Error in media list. (Invalid token "(". Was expecting one of: <S>, <IDENT>.)
Aug 29, 2015 1:51:13 PM com.gargoylesoftware.htmlunit.DefaultCssErrorHandler error
WARNING: CSS error: 'https://maxcdn.bootstrapcdn.com/bootstrap/3.3.5/css/bootstrap.min.css' [5:67219] Error in media list. (Invalid token "(". Was expecting one of: <S>, <IDENT>.)
Aug 29, 2015 1:51:13 PM com.gargoylesoftware.htmlunit.DefaultCssErrorHandler error
[...]
Aug 29, 2015 1:51:13 PM com.gargoylesoftware.htmlunit.DefaultCssErrorHandler error
WARNING: CSS error: 'https://maxcdn.bootstrapcdn.com/bootstrap/3.3.5/css/bootstrap.min.css' [5:121470] Error in media list. (Invalid token "(". Was expecting one of: <S>, <IDENT>.)
Aug 29, 2015 1:51:13 PM com.gargoylesoftware.htmlunit.DefaultCssErrorHandler error
WARNING: CSS error: 'https://maxcdn.bootstrapcdn.com/bootstrap/3.3.5/css/bootstrap.min.css' [5:121530] Error in media list. (Invalid token "(". Was expecting one of: <S>, <IDENT>.)
Aug 29, 2015 1:51:13 PM com.gargoylesoftware.htmlunit.DefaultCssErrorHandler error
WARNING: CSS error: 'https://maxcdn.bootstrapcdn.com/bootstrap/3.3.5/css/bootstrap.min.css' [5:121612] Error in media list. (Invalid token "(". Was expecting one of: <S>, <IDENT>.)
Aug 29, 2015 1:51:13 PM com.gargoylesoftware.htmlunit.DefaultCssErrorHandler error
WARNING: CSS error: 'https://maxcdn.bootstrapcdn.com/bootstrap/3.3.5/css/bootstrap.min.css' [5:121695] Error in media list. (Invalid token "(". Was expecting one of: <S>, <IDENT>.)
Aug 29, 2015 1:51:14 PM com.gargoylesoftware.htmlunit.DefaultCssErrorHandler error
WARNING: CSS error: 'https://maxcdn.bootstrapcdn.com/bootstrap/3.3.5/css/bootstrap.min.css' [5:17606] Error in media list. (Invalid token "(". Was expecting one of: <S>, <IDENT>.)
Aug 29, 2015 1:51:14 PM com.gargoylesoftware.htmlunit.DefaultCssErrorHandler error
WARNING: CSS error: 'https://maxcdn.bootstrapcdn.com/bootstrap/3.3.5/css/bootstrap.min.css' [5:19373] Error in media list. (Invalid token "(". Was expecting one of: <S>, <IDENT>.)
Aug 29, 2015 1:51:14 PM com.gargoylesoftware.htmlunit.DefaultCssErrorHandler error
WARNING: CSS error: 'https://maxcdn.bootstrapcdn.com/bootstrap/3.3.5/css/bootstrap.min.css' [5:21618] Error in media list. (Invalid token "(". Was expecting one of: <S>, <IDENT>.)
Aug 29, 2015 1:51:14 PM com.gargoylesoftware.htmlunit.DefaultCssErrorHandler error
WARNING: CSS error: 'https://maxcdn.bootstrapcdn.com/bootstrap/3.3.5/css/bootstrap.min.css' [5:21667] Error in media list. (Invalid token "(". Was expecting one of: <S>, <IDENT>.)
Aug 29, 2015 1:51:14 PM com.gargoylesoftware.htmlunit.DefaultCssErrorHandler error
WARNING: CSS error: 'https://maxcdn.bootstrapcdn.com/bootstrap/3.3.5/css/bootstrap.min.css' [5:21716] Error in media list. (Invalid token "(". Was expecting one of: <S>, <IDENT>.)
Aug 29, 2015 1:51:14 PM com.gargoylesoftware.htmlunit.DefaultCssErrorHandler error
WARNING: CSS error: 'https://maxcdn.bootstrapcdn.com/bootstrap/3.3.5/css/bootstrap.min.css' [5:24200] Error in media list. (Invalid token "(". Was expecting one of: <S>, <IDENT>.)
Aug 29, 2015 1:51:14 PM com.gargoylesoftware.htmlunit.DefaultCssErrorHandler error
WARNING: CSS error: 'https://maxcdn.bootstrapcdn.com/bootstrap/3.3.5/css/bootstrap.min.css' [5:25966] Error in media list. (Invalid token "(". Was expecting one of: <S>, <IDENT>.)
Aug 29, 2015 1:51:14 PM com.gargoylesoftware.htmlunit.DefaultCssErrorHandler error
WARNING: CSS error: 'https://maxcdn.bootstrapcdn.com/bootstrap/3.3.5/css/bootstrap.min.css' [5:27732] Error in media list. (Invalid token "(". Was expecting one of: <S>, <IDENT>.)
Aug 29, 2015 1:51:14 PM com.gargoylesoftware.htmlunit.DefaultCssErrorHandler error
WARNING: CSS error: 'https://maxcdn.bootstrapcdn.com/bootstrap/3.3.5/css/bootstrap.min.css' [5:33858] Error in @media rule. (Invalid token "and". Was expecting one of: <S>, <LBRACE>, <COMMA>.)
Aug 29, 2015 1:51:14 PM com.gargoylesoftware.htmlunit.DefaultCssErrorHandler warning
WARNING: CSS warning: 'https://maxcdn.bootstrapcdn.com/bootstrap/3.3.5/css/bootstrap.min.css' [5:33858] Ignoring the whole rule.
Aug 29, 2015 1:51:14 PM com.gargoylesoftware.htmlunit.DefaultCssErrorHandler error
WARNING: CSS error: 'https://maxcdn.bootstrapcdn.com/bootstrap/3.3.5/css/bootstrap.min.css' [5:37280] Error in @media rule. (Invalid token "and". Was expecting one of: <S>, <LBRACE>, <COMMA>.)
Aug 29, 2015 1:51:14 PM com.gargoylesoftware.htmlunit.DefaultCssErrorHandler warning
WARNING: CSS warning: 'https://maxcdn.bootstrapcdn.com/bootstrap/3.3.5/css/bootstrap.min.css' [5:37280] Ignoring the whole rule.
Aug 29, 2015 1:51:14 PM com.gargoylesoftware.htmlunit.DefaultCssErrorHandler error
WARNING: CSS error: 'https://maxcdn.bootstrapcdn.com/bootstrap/3.3.5/css/bootstrap.min.css' [5:43528] Error in media list. (Invalid token "(". Was expecting one of: <S>, <IDENT>.)
Aug 29, 2015 1:51:14 PM com.gargoylesoftware.htmlunit.DefaultCssErrorHandler error
WARNING: CSS error: 'https://maxcdn.bootstrapcdn.com/bootstrap/3.3.5/css/bootstrap.min.css' [5:44748] Error in media list. (Invalid token "(". Was expecting one of: <S>, <IDENT>.)
Aug 29, 2015 1:51:14 PM com.gargoylesoftware.htmlunit.DefaultCssErrorHandler error
WARNING: CSS error: 'https://maxcdn.bootstrapcdn.com/bootstrap/3.3.5/css/bootstrap.min.css' [5:44920] Error in media list. (Invalid token "(". Was expecting one of: <S>, <IDENT>.)
Aug 29, 2015 1:51:14 PM com.gargoylesoftware.htmlunit.DefaultCssErrorHandler error
WARNING: CSS error: 'https://maxcdn.bootstrapcdn.com/bootstrap/3.3.5/css/bootstrap.min.css' [5:45028] Error in media list. (Invalid token "(". Was expecting one of: <S>, <IDENT>.)
Aug 29, 2015 1:51:14 PM com.gargoylesoftware.htmlunit.DefaultCssErrorHandler error
WARNING: CSS error: 'https://maxcdn.bootstrapcdn.com/bootstrap/3.3.5/css/bootstrap.min.css' [5:57895] Error in expression; ':' found after identifier "progid".
Aug 29, 2015 1:51:14 PM com.gargoylesoftware.htmlunit.DefaultCssErrorHandler error
WARNING: CSS error: 'https://maxcdn.bootstrapcdn.com/bootstrap/3.3.5/css/bootstrap.min.css' [5:58557] Error in media list. (Invalid token "(". Was expecting one of: <S>, <IDENT>.)
Aug 29, 2015 1:51:14 PM com.gargoylesoftware.htmlunit.DefaultCssErrorHandler error
WARNING: CSS error: 'https://maxcdn.bootstrapcdn.com/bootstrap/3.3.5/css/bootstrap.min.css' [5:67219] Error in media list. (Invalid token "(". Was expecting one of: <S>, <IDENT>.)
Aug 29, 2015 1:51:14 PM com.gargoylesoftware.htmlunit.DefaultCssErrorHandler error
WARNING: CSS error: 'https://maxcdn.bootstrapcdn.com/bootstrap/3.3.5/css/bootstrap.min.css' [5:67543] Error in media list. (Invalid token "(". Was expecting one of: <S>, <IDENT>.)
Aug 29, 2015 1:51:14 PM com.gargoylesoftware.htmlunit.DefaultCssErrorHandler error
WARNING: CSS error: 'https://maxcdn.bootstrapcdn.com/bootstrap/3.3.5/css/bootstrap.min.css' [5:68246] Error in media list. (Invalid token "(". Was expecting one of: <S>, <IDENT>.)
Aug 29, 2015 1:51:14 PM com.gargoylesoftware.htmlunit.DefaultCssErrorHandler error
WARNING: CSS error: 'https://maxcdn.bootstrapcdn.com/bootstrap/3.3.5/css/bootstrap.min.css' [5:68572] Error in media list. (Invalid token "(". Was expecting one of: <S>, <IDENT>.)
Aug 29, 2015 1:51:14 PM com.gargoylesoftware.htmlunit.DefaultCssErrorHandler error
WARNING: CSS error: 'https://maxcdn.bootstrapcdn.com/bootstrap/3.3.5/css/bootstrap.min.css' [5:69058] Error in media list. (Invalid token "(". Was expecting one of: <S>, <IDENT>.)
Aug 29, 2015 1:51:14 PM com.gargoylesoftware.htmlunit.DefaultCssErrorHandler error
WARNING: CSS error: 'https://maxcdn.bootstrapcdn.com/bootstrap/3.3.5/css/bootstrap.min.css' [5:69110] Error in media list. (Invalid token "(". Was expecting one of: <S>, <IDENT>.)
Aug 29, 2015 1:51:14 PM com.gargoylesoftware.htmlunit.DefaultCssErrorHandler error
WARNING: CSS error: 'https://maxcdn.bootstrapcdn.com/bootstrap/3.3.5/css/bootstrap.min.css' [5:69437] Error in media list. (Invalid token "(". Was expecting one of: <S>, <IDENT>.)
Aug 29, 2015 1:51:14 PM com.gargoylesoftware.htmlunit.DefaultCssErrorHandler error
WARNING: CSS error: 'https://maxcdn.bootstrapcdn.com/bootstrap/3.3.5/css/bootstrap.min.css' [5:69929] Error in media list. (Invalid token "(". Was expecting one of: <S>, <IDENT>.)
Aug 29, 2015 1:51:14 PM com.gargoylesoftware.htmlunit.DefaultCssErrorHandler error
WARNING: CSS error: 'https://maxcdn.bootstrapcdn.com/bootstrap/3.3.5/css/bootstrap.min.css' [5:70237] Error in media list. (Invalid token "(". Was expecting one of: <S>, <IDENT>.)
Aug 29, 2015 1:51:14 PM com.gargoylesoftware.htmlunit.DefaultCssErrorHandler error
WARNING: CSS error: 'https://maxcdn.bootstrapcdn.com/bootstrap/3.3.5/css/bootstrap.min.css' [5:70465] Error in media list. (Invalid token "(". Was expecting one of: <S>, <IDENT>.)
Aug 29, 2015 1:51:14 PM com.gargoylesoftware.htmlunit.DefaultCssErrorHandler error
WARNING: CSS error: 'https://maxcdn.bootstrapcdn.com/bootstrap/3.3.5/css/bootstrap.min.css' [5:70608] Error in media list. (Invalid token "(". Was expecting one of: <S>, <IDENT>.)
Aug 29, 2015 1:51:14 PM com.gargoylesoftware.htmlunit.DefaultCssErrorHandler error
WARNING: CSS error: 'https://maxcdn.bootstrapcdn.com/bootstrap/3.3.5/css/bootstrap.min.css' [5:70981] Error in media list. (Invalid token "(". Was expecting one of: <S>, <IDENT>.)
Aug 29, 2015 1:51:14 PM com.gargoylesoftware.htmlunit.DefaultCssErrorHandler error
WARNING: CSS error: 'https://maxcdn.bootstrapcdn.com/bootstrap/3.3.5/css/bootstrap.min.css' [5:71468] Error in media list. (Invalid token "(". Was expecting one of: <S>, <IDENT>.)
Aug 29, 2015 1:51:14 PM com.gargoylesoftware.htmlunit.DefaultCssErrorHandler error
WARNING: CSS error: 'https://maxcdn.bootstrapcdn.com/bootstrap/3.3.5/css/bootstrap.min.css' [5:71624] Error in media list. (Invalid token "(". Was expecting one of: <S>, <IDENT>.)
Aug 29, 2015 1:51:14 PM com.gargoylesoftware.htmlunit.DefaultCssErrorHandler error
WARNING: CSS error: 'https://maxcdn.bootstrapcdn.com/bootstrap/3.3.5/css/bootstrap.min.css' [5:72091] Error in media list. (Invalid token "(". Was expecting one of: <S>, <IDENT>.)
Aug 29, 2015 1:51:14 PM com.gargoylesoftware.htmlunit.DefaultCssErrorHandler error
WARNING: CSS error: 'https://maxcdn.bootstrapcdn.com/bootstrap/3.3.5/css/bootstrap.min.css' [5:72557] Error in media list. (Invalid token "(". Was expecting one of: <S>, <IDENT>.)
Aug 29, 2015 1:51:14 PM com.gargoylesoftware.htmlunit.DefaultCssErrorHandler error
WARNING: CSS error: 'https://maxcdn.bootstrapcdn.com/bootstrap/3.3.5/css/bootstrap.min.css' [5:73483] Error in media list. (Invalid token "(". Was expecting one of: <S>, <IDENT>.)
Aug 29, 2015 1:51:14 PM com.gargoylesoftware.htmlunit.DefaultCssErrorHandler error
WARNING: CSS error: 'https://maxcdn.bootstrapcdn.com/bootstrap/3.3.5/css/bootstrap.min.css' [5:73604] Error in media list. (Invalid token "(". Was expecting one of: <S>, <IDENT>.)
Aug 29, 2015 1:51:14 PM com.gargoylesoftware.htmlunit.DefaultCssErrorHandler error
WARNING: CSS error: 'https://maxcdn.bootstrapcdn.com/bootstrap/3.3.5/css/bootstrap.min.css' [5:74237] Error in media list. (Invalid token "(". Was expecting one of: <S>, <IDENT>.)
Aug 29, 2015 1:51:14 PM com.gargoylesoftware.htmlunit.DefaultCssErrorHandler error
WARNING: CSS error: 'https://maxcdn.bootstrapcdn.com/bootstrap/3.3.5/css/bootstrap.min.css' [5:74322] Error in media list. (Invalid token "(". Was expecting one of: <S>, <IDENT>.)
Aug 29, 2015 1:51:14 PM com.gargoylesoftware.htmlunit.DefaultCssErrorHandler error
WARNING: CSS error: 'https://maxcdn.bootstrapcdn.com/bootstrap/3.3.5/css/bootstrap.min.css' [5:75681] Error in media list. (Invalid token "(". Was expecting one of: <S>, <IDENT>.)
Aug 29, 2015 1:51:14 PM com.gargoylesoftware.htmlunit.DefaultCssErrorHandler error
WARNING: CSS error: 'https://maxcdn.bootstrapcdn.com/bootstrap/3.3.5/css/bootstrap.min.css' [5:77991] Error in media list. (Invalid token "(". Was expecting one of: <S>, <IDENT>.)
Aug 29, 2015 1:51:14 PM com.gargoylesoftware.htmlunit.DefaultCssErrorHandler error
WARNING: CSS error: 'https://maxcdn.bootstrapcdn.com/bootstrap/3.3.5/css/bootstrap.min.css' [5:83978] Error in @media rule. (Invalid token "and". Was expecting one of: <S>, <LBRACE>, <COMMA>.)
Aug 29, 2015 1:51:14 PM com.gargoylesoftware.htmlunit.DefaultCssErrorHandler warning
WARNING: CSS warning: 'https://maxcdn.bootstrapcdn.com/bootstrap/3.3.5/css/bootstrap.min.css' [5:83978] Ignoring the whole rule.
Aug 29, 2015 1:51:14 PM com.gargoylesoftware.htmlunit.DefaultCssErrorHandler error
WARNING: CSS error: 'https://maxcdn.bootstrapcdn.com/bootstrap/3.3.5/css/bootstrap.min.css' [5:109080] Error in media list. (Invalid token "(". Was expecting one of: <S>, <IDENT>.)
Aug 29, 2015 1:51:14 PM com.gargoylesoftware.htmlunit.DefaultCssErrorHandler error
WARNING: CSS error: 'https://maxcdn.bootstrapcdn.com/bootstrap/3.3.5/css/bootstrap.min.css' [5:109268] Error in media list. (Invalid token "(". Was expecting one of: <S>, <IDENT>.)
Aug 29, 2015 1:51:14 PM com.gargoylesoftware.htmlunit.DefaultCssErrorHandler error
WARNING: CSS error: 'https://maxcdn.bootstrapcdn.com/bootstrap/3.3.5/css/bootstrap.min.css' [5:113562] Error in @media rule. (Invalid token "and". Was expecting one of: <S>, <LBRACE>, <COMMA>.)
Aug 29, 2015 1:51:14 PM com.gargoylesoftware.htmlunit.DefaultCssErrorHandler warning
WARNING: CSS warning: 'https://maxcdn.bootstrapcdn.com/bootstrap/3.3.5/css/bootstrap.min.css' [5:113562] Ignoring the whole rule.
Aug 29, 2015 1:51:14 PM com.gargoylesoftware.htmlunit.DefaultCssErrorHandler error
WARNING: CSS error: 'https://maxcdn.bootstrapcdn.com/bootstrap/3.3.5/css/bootstrap.min.css' [5:115294] Error in expression; ':' found after identifier "progid".
Aug 29, 2015 1:51:14 PM com.gargoylesoftware.htmlunit.DefaultCssErrorHandler error
WARNING: CSS error: 'https://maxcdn.bootstrapcdn.com/bootstrap/3.3.5/css/bootstrap.min.css' [5:115837] Error in expression; ':' found after identifier "progid".
Aug 29, 2015 1:51:14 PM com.gargoylesoftware.htmlunit.DefaultCssErrorHandler error
WARNING: CSS error: 'https://maxcdn.bootstrapcdn.com/bootstrap/3.3.5/css/bootstrap.min.css' [5:117005] Invalid color "#000\9".
Aug 29, 2015 1:51:14 PM com.gargoylesoftware.htmlunit.DefaultCssErrorHandler error
WARNING: CSS error: 'https://maxcdn.bootstrapcdn.com/bootstrap/3.3.5/css/bootstrap.min.css' [5:117402] Error in @media rule. (Invalid token "and". Was expecting one of: <S>, <LBRACE>, <COMMA>.)
Aug 29, 2015 1:51:14 PM com.gargoylesoftware.htmlunit.DefaultCssErrorHandler warning
WARNING: CSS warning: 'https://maxcdn.bootstrapcdn.com/bootstrap/3.3.5/css/bootstrap.min.css' [5:117402] Ignoring the whole rule.
Aug 29, 2015 1:51:14 PM com.gargoylesoftware.htmlunit.DefaultCssErrorHandler error
WARNING: CSS error: 'https://maxcdn.bootstrapcdn.com/bootstrap/3.3.5/css/bootstrap.min.css' [5:119598] Error in media list. (Invalid token "(". Was expecting one of: <S>, <IDENT>.)
Aug 29, 2015 1:51:14 PM com.gargoylesoftware.htmlunit.DefaultCssErrorHandler error
WARNING: CSS error: 'https://maxcdn.bootstrapcdn.com/bootstrap/3.3.5/css/bootstrap.min.css' [5:119800] Error in media list. (Invalid token "(". Was expecting one of: <S>, <IDENT>.)
Aug 29, 2015 1:51:14 PM com.gargoylesoftware.htmlunit.DefaultCssErrorHandler error
WARNING: CSS error: 'https://maxcdn.bootstrapcdn.com/bootstrap/3.3.5/css/bootstrap.min.css' [5:119868] Error in media list. (Invalid token "(". Was expecting one of: <S>, <IDENT>.)
Aug 29, 2015 1:51:14 PM com.gargoylesoftware.htmlunit.DefaultCssErrorHandler error
WARNING: CSS error: 'https://maxcdn.bootstrapcdn.com/bootstrap/3.3.5/css/bootstrap.min.css' [5:119938] Error in media list. (Invalid token "(". Was expecting one of: <S>, <IDENT>.)
Aug 29, 2015 1:51:14 PM com.gargoylesoftware.htmlunit.DefaultCssErrorHandler error
WARNING: CSS error: 'https://maxcdn.bootstrapcdn.com/bootstrap/3.3.5/css/bootstrap.min.css' [5:120020] Error in media list. (Invalid token "(". Was expecting one of: <S>, <IDENT>.)
Aug 29, 2015 1:51:14 PM com.gargoylesoftware.htmlunit.DefaultCssErrorHandler error
WARNING: CSS error: 'https://maxcdn.bootstrapcdn.com/bootstrap/3.3.5/css/bootstrap.min.css' [5:120244] Error in media list. (Invalid token "(". Was expecting one of: <S>, <IDENT>.)
Aug 29, 2015 1:51:14 PM com.gargoylesoftware.htmlunit.DefaultCssErrorHandler error
WARNING: CSS error: 'https://maxcdn.bootstrapcdn.com/bootstrap/3.3.5/css/bootstrap.min.css' [5:120334] Error in media list. (Invalid token "(". Was expecting one of: <S>, <IDENT>.)
Aug 29, 2015 1:51:14 PM com.gargoylesoftware.htmlunit.DefaultCssErrorHandler error
WARNING: CSS error: 'https://maxcdn.bootstrapcdn.com/bootstrap/3.3.5/css/bootstrap.min.css' [5:120426] Error in media list. (Invalid token "(". Was expecting one of: <S>, <IDENT>.)
Aug 29, 2015 1:51:14 PM com.gargoylesoftware.htmlunit.DefaultCssErrorHandler error
WARNING: CSS error: 'https://maxcdn.bootstrapcdn.com/bootstrap/3.3.5/css/bootstrap.min.css' [5:120530] Error in media list. (Invalid token "(". Was expecting one of: <S>, <IDENT>.)
Aug 29, 2015 1:51:14 PM com.gargoylesoftware.htmlunit.DefaultCssErrorHandler error
WARNING: CSS error: 'https://maxcdn.bootstrapcdn.com/bootstrap/3.3.5/css/bootstrap.min.css' [5:120755] Error in media list. (Invalid token "(". Was expecting one of: <S>, <IDENT>.)
Aug 29, 2015 1:51:14 PM com.gargoylesoftware.htmlunit.DefaultCssErrorHandler error
WARNING: CSS error: 'https://maxcdn.bootstrapcdn.com/bootstrap/3.3.5/css/bootstrap.min.css' [5:120846] Error in media list. (Invalid token "(". Was expecting one of: <S>, <IDENT>.)
Aug 29, 2015 1:51:14 PM com.gargoylesoftware.htmlunit.DefaultCssErrorHandler error
WARNING: CSS error: 'https://maxcdn.bootstrapcdn.com/bootstrap/3.3.5/css/bootstrap.min.css' [5:120939] Error in media list. (Invalid token "(". Was expecting one of: <S>, <IDENT>.)
Aug 29, 2015 1:51:14 PM com.gargoylesoftware.htmlunit.DefaultCssErrorHandler error
WARNING: CSS error: 'https://maxcdn.bootstrapcdn.com/bootstrap/3.3.5/css/bootstrap.min.css' [5:121044] Error in media list. (Invalid token "(". Was expecting one of: <S>, <IDENT>.)
Aug 29, 2015 1:51:14 PM com.gargoylesoftware.htmlunit.DefaultCssErrorHandler error
WARNING: CSS error: 'https://maxcdn.bootstrapcdn.com/bootstrap/3.3.5/css/bootstrap.min.css' [5:121247] Error in media list. (Invalid token "(". Was expecting one of: <S>, <IDENT>.)
Aug 29, 2015 1:51:14 PM com.gargoylesoftware.htmlunit.DefaultCssErrorHandler error
WARNING: CSS error: 'https://maxcdn.bootstrapcdn.com/bootstrap/3.3.5/css/bootstrap.min.css' [5:121316] Error in media list. (Invalid token "(". Was expecting one of: <S>, <IDENT>.)
Aug 29, 2015 1:51:14 PM com.gargoylesoftware.htmlunit.DefaultCssErrorHandler error
WARNING: CSS error: 'https://maxcdn.bootstrapcdn.com/bootstrap/3.3.5/css/bootstrap.min.css' [5:121387] Error in media list. (Invalid token "(". Was expecting one of: <S>, <IDENT>.)
Aug 29, 2015 1:51:14 PM com.gargoylesoftware.htmlunit.DefaultCssErrorHandler error
WARNING: CSS error: 'https://maxcdn.bootstrapcdn.com/bootstrap/3.3.5/css/bootstrap.min.css' [5:121470] Error in media list. (Invalid token "(". Was expecting one of: <S>, <IDENT>.)
Aug 29, 2015 1:51:14 PM com.gargoylesoftware.htmlunit.DefaultCssErrorHandler error
WARNING: CSS error: 'https://maxcdn.bootstrapcdn.com/bootstrap/3.3.5/css/bootstrap.min.css' [5:121530] Error in media list. (Invalid token "(". Was expecting one of: <S>, <IDENT>.)
Aug 29, 2015 1:51:14 PM com.gargoylesoftware.htmlunit.DefaultCssErrorHandler error
WARNING: CSS error: 'https://maxcdn.bootstrapcdn.com/bootstrap/3.3.5/css/bootstrap.min.css' [5:121612] Error in media list. (Invalid token "(". Was expecting one of: <S>, <IDENT>.)
Aug 29, 2015 1:51:14 PM com.gargoylesoftware.htmlunit.DefaultCssErrorHandler error
WARNING: CSS error: 'https://maxcdn.bootstrapcdn.com/bootstrap/3.3.5/css/bootstrap.min.css' [5:121695] Error in media list. (Invalid token "(". Was expecting one of: <S>, <IDENT>.)
[Test worker] INFO spark.webserver.SparkServer - >>> Spark shutting down ...
[Test worker] INFO org.eclipse.jetty.server.Server - Graceful shutdown org.eclipse.jetty.server.Server@6b64b226 by 
[Test worker] INFO org.eclipse.jetty.server.ServerConnector - Stopped ServerConnector@680a4238{HTTP/1.1}{0.0.0.0:4567}
[Test worker] INFO spark.webserver.SparkServer - done
]]></system-err>
</testsuite>
